{"C:\\Users\\HiroUzu\\Documents\\Septimo Semestre\\logisticpro\\server\\server.js": {"path":"C:\\Users\\HiroUzu\\Documents\\Septimo Semestre\\logisticpro\\server\\server.js","statementMap":{"0":{"start":{"line":2,"column":0},"end":{"line":2,"column":27}},"1":{"start":{"line":3,"column":16},"end":{"line":3,"column":34}},"2":{"start":{"line":4,"column":13},"end":{"line":4,"column":28}},"3":{"start":{"line":5,"column":13},"end":{"line":5,"column":43}},"4":{"start":{"line":7,"column":12},"end":{"line":7,"column":21}},"5":{"start":{"line":8,"column":0},"end":{"line":8,"column":24}},"6":{"start":{"line":10,"column":0},"end":{"line":19,"column":2}},"7":{"start":{"line":21,"column":20},"end":{"line":21,"column":49}},"8":{"start":{"line":22,"column":22},"end":{"line":22,"column":53}},"9":{"start":{"line":23,"column":23},"end":{"line":23,"column":55}},"10":{"start":{"line":24,"column":22},"end":{"line":24,"column":53}},"11":{"start":{"line":25,"column":21},"end":{"line":25,"column":51}},"12":{"start":{"line":26,"column":25},"end":{"line":26,"column":59}},"13":{"start":{"line":27,"column":19},"end":{"line":27,"column":47}},"14":{"start":{"line":29,"column":0},"end":{"line":31,"column":3}},"15":{"start":{"line":30,"column":2},"end":{"line":30,"column":58}},"16":{"start":{"line":33,"column":0},"end":{"line":33,"column":29}},"17":{"start":{"line":34,"column":0},"end":{"line":34,"column":31}},"18":{"start":{"line":35,"column":0},"end":{"line":35,"column":35}},"19":{"start":{"line":36,"column":0},"end":{"line":36,"column":37}},"20":{"start":{"line":37,"column":0},"end":{"line":37,"column":35}},"21":{"start":{"line":38,"column":0},"end":{"line":38,"column":33}},"22":{"start":{"line":39,"column":0},"end":{"line":39,"column":41}},"23":{"start":{"line":41,"column":0},"end":{"line":48,"column":3}},"24":{"start":{"line":42,"column":2},"end":{"line":47,"column":3}},"25":{"start":{"line":43,"column":14},"end":{"line":43,"column":53}},"26":{"start":{"line":44,"column":4},"end":{"line":44,"column":47}},"27":{"start":{"line":46,"column":4},"end":{"line":46,"column":59}},"28":{"start":{"line":50,"column":0},"end":{"line":50,"column":21}},"29":{"start":{"line":52,"column":0},"end":{"line":55,"column":1}},"30":{"start":{"line":53,"column":15},"end":{"line":53,"column":39}},"31":{"start":{"line":54,"column":2},"end":{"line":54,"column":69}},"32":{"start":{"line":54,"column":25},"end":{"line":54,"column":67}}},"fnMap":{"0":{"name":"(anonymous_0)","decl":{"start":{"line":29,"column":23},"end":{"line":29,"column":24}},"loc":{"start":{"line":29,"column":37},"end":{"line":31,"column":1}},"line":29},"1":{"name":"(anonymous_1)","decl":{"start":{"line":41,"column":20},"end":{"line":41,"column":21}},"loc":{"start":{"line":41,"column":40},"end":{"line":48,"column":1}},"line":41},"2":{"name":"(anonymous_2)","decl":{"start":{"line":54,"column":19},"end":{"line":54,"column":20}},"loc":{"start":{"line":54,"column":25},"end":{"line":54,"column":67}},"line":54}},"branchMap":{"0":{"loc":{"start":{"line":52,"column":0},"end":{"line":55,"column":1}},"type":"if","locations":[{"start":{"line":52,"column":0},"end":{"line":55,"column":1}},{"start":{},"end":{}}],"line":52},"1":{"loc":{"start":{"line":53,"column":15},"end":{"line":53,"column":39}},"type":"binary-expr","locations":[{"start":{"line":53,"column":15},"end":{"line":53,"column":31}},{"start":{"line":53,"column":35},"end":{"line":53,"column":39}}],"line":53}},"s":{"0":3,"1":3,"2":3,"3":3,"4":3,"5":3,"6":3,"7":3,"8":3,"9":3,"10":3,"11":3,"12":3,"13":3,"14":3,"15":0,"16":3,"17":3,"18":3,"19":3,"20":3,"21":3,"22":3,"23":3,"24":0,"25":0,"26":0,"27":0,"28":3,"29":3,"30":0,"31":0,"32":0},"f":{"0":0,"1":0,"2":0},"b":{"0":[0,3],"1":[0,0]},"_coverageSchema":"1a1c01bbd47fc00a2c39e90264f33305004495a9","hash":"b732fd33e179b57494c15768fbecae9c3ab7f8fd"}
,"C:\\Users\\HiroUzu\\Documents\\Septimo Semestre\\logisticpro\\server\\src\\controllers\\authController.js": {"path":"C:\\Users\\HiroUzu\\Documents\\Septimo Semestre\\logisticpro\\server\\src\\controllers\\authController.js","statementMap":{"0":{"start":{"line":2,"column":15},"end":{"line":2,"column":42}},"1":{"start":{"line":3,"column":15},"end":{"line":3,"column":34}},"2":{"start":{"line":4,"column":12},"end":{"line":4,"column":35}},"3":{"start":{"line":6,"column":19},"end":{"line":6,"column":57}},"4":{"start":{"line":7,"column":20},"end":{"line":7,"column":51}},"5":{"start":{"line":11,"column":2},"end":{"line":11,"column":24}},"6":{"start":{"line":11,"column":12},"end":{"line":11,"column":24}},"7":{"start":{"line":12,"column":37},"end":{"line":12,"column":40}},"8":{"start":{"line":13,"column":2},"end":{"line":13,"column":14}},"9":{"start":{"line":16,"column":0},"end":{"line":116,"column":2}},"10":{"start":{"line":19,"column":4},"end":{"line":53,"column":5}},"11":{"start":{"line":21,"column":49},"end":{"line":21,"column":57}},"12":{"start":{"line":22,"column":6},"end":{"line":22,"column":120}},"13":{"start":{"line":22,"column":40},"end":{"line":22,"column":120}},"14":{"start":{"line":25,"column":20},"end":{"line":25,"column":86}},"15":{"start":{"line":26,"column":6},"end":{"line":26,"column":96}},"16":{"start":{"line":26,"column":29},"end":{"line":26,"column":96}},"17":{"start":{"line":28,"column":25},"end":{"line":28,"column":27}},"18":{"start":{"line":29,"column":28},"end":{"line":29,"column":67}},"19":{"start":{"line":32,"column":16},"end":{"line":36,"column":7}},"20":{"start":{"line":38,"column":21},"end":{"line":38,"column":67}},"21":{"start":{"line":39,"column":23},"end":{"line":39,"column":50}},"22":{"start":{"line":40,"column":19},"end":{"line":40,"column":26}},"23":{"start":{"line":43,"column":20},"end":{"line":47,"column":7}},"24":{"start":{"line":49,"column":6},"end":{"line":49,"column":44}},"25":{"start":{"line":51,"column":6},"end":{"line":51,"column":42}},"26":{"start":{"line":52,"column":6},"end":{"line":52,"column":54}},"27":{"start":{"line":58,"column":4},"end":{"line":92,"column":5}},"28":{"start":{"line":59,"column":34},"end":{"line":59,"column":42}},"29":{"start":{"line":60,"column":6},"end":{"line":60,"column":105}},"30":{"start":{"line":60,"column":31},"end":{"line":60,"column":105}},"31":{"start":{"line":63,"column":23},"end":{"line":63,"column":88}},"32":{"start":{"line":64,"column":19},"end":{"line":64,"column":26}},"33":{"start":{"line":65,"column":6},"end":{"line":65,"column":79}},"34":{"start":{"line":65,"column":17},"end":{"line":65,"column":79}},"35":{"start":{"line":67,"column":17},"end":{"line":67,"column":73}},"36":{"start":{"line":68,"column":6},"end":{"line":68,"column":77}},"37":{"start":{"line":68,"column":15},"end":{"line":68,"column":77}},"38":{"start":{"line":71,"column":6},"end":{"line":71,"column":87}},"39":{"start":{"line":74,"column":23},"end":{"line":74,"column":40}},"40":{"start":{"line":77,"column":20},"end":{"line":81,"column":7}},"41":{"start":{"line":84,"column":6},"end":{"line":87,"column":9}},"42":{"start":{"line":90,"column":6},"end":{"line":90,"column":39}},"43":{"start":{"line":91,"column":6},"end":{"line":91,"column":54}},"44":{"start":{"line":97,"column":4},"end":{"line":114,"column":5}},"45":{"start":{"line":98,"column":21},"end":{"line":98,"column":31}},"46":{"start":{"line":99,"column":6},"end":{"line":99,"column":79}},"47":{"start":{"line":99,"column":19},"end":{"line":99,"column":79}},"48":{"start":{"line":102,"column":16},"end":{"line":105,"column":7}},"49":{"start":{"line":106,"column":23},"end":{"line":106,"column":52}},"50":{"start":{"line":108,"column":6},"end":{"line":108,"column":81}},"51":{"start":{"line":108,"column":24},"end":{"line":108,"column":81}},"52":{"start":{"line":109,"column":6},"end":{"line":109,"column":24}},"53":{"start":{"line":112,"column":6},"end":{"line":112,"column":36}},"54":{"start":{"line":113,"column":6},"end":{"line":113,"column":54}}},"fnMap":{"0":{"name":"safeUserRow","decl":{"start":{"line":10,"column":9},"end":{"line":10,"column":20}},"loc":{"start":{"line":10,"column":26},"end":{"line":14,"column":1}},"line":10},"1":{"name":"(anonymous_1)","decl":{"start":{"line":18,"column":2},"end":{"line":18,"column":3}},"loc":{"start":{"line":18,"column":27},"end":{"line":54,"column":3}},"line":18},"2":{"name":"(anonymous_2)","decl":{"start":{"line":57,"column":2},"end":{"line":57,"column":3}},"loc":{"start":{"line":57,"column":24},"end":{"line":93,"column":3}},"line":57},"3":{"name":"(anonymous_3)","decl":{"start":{"line":96,"column":2},"end":{"line":96,"column":3}},"loc":{"start":{"line":96,"column":21},"end":{"line":115,"column":3}},"line":96}},"branchMap":{"0":{"loc":{"start":{"line":6,"column":19},"end":{"line":6,"column":57}},"type":"binary-expr","locations":[{"start":{"line":6,"column":19},"end":{"line":6,"column":41}},{"start":{"line":6,"column":45},"end":{"line":6,"column":57}}],"line":6},"1":{"loc":{"start":{"line":7,"column":20},"end":{"line":7,"column":51}},"type":"binary-expr","locations":[{"start":{"line":7,"column":20},"end":{"line":7,"column":43}},{"start":{"line":7,"column":47},"end":{"line":7,"column":51}}],"line":7},"2":{"loc":{"start":{"line":11,"column":2},"end":{"line":11,"column":24}},"type":"if","locations":[{"start":{"line":11,"column":2},"end":{"line":11,"column":24}},{"start":{},"end":{}}],"line":11},"3":{"loc":{"start":{"line":22,"column":6},"end":{"line":22,"column":120}},"type":"if","locations":[{"start":{"line":22,"column":6},"end":{"line":22,"column":120}},{"start":{},"end":{}}],"line":22},"4":{"loc":{"start":{"line":22,"column":10},"end":{"line":22,"column":38}},"type":"binary-expr","locations":[{"start":{"line":22,"column":10},"end":{"line":22,"column":15}},{"start":{"line":22,"column":19},"end":{"line":22,"column":25}},{"start":{"line":22,"column":29},"end":{"line":22,"column":38}}],"line":22},"5":{"loc":{"start":{"line":26,"column":6},"end":{"line":26,"column":96}},"type":"if","locations":[{"start":{"line":26,"column":6},"end":{"line":26,"column":96}},{"start":{},"end":{}}],"line":26},"6":{"loc":{"start":{"line":38,"column":35},"end":{"line":38,"column":51}},"type":"binary-expr","locations":[{"start":{"line":38,"column":35},"end":{"line":38,"column":42}},{"start":{"line":38,"column":46},"end":{"line":38,"column":51}}],"line":38},"7":{"loc":{"start":{"line":60,"column":6},"end":{"line":60,"column":105}},"type":"if","locations":[{"start":{"line":60,"column":6},"end":{"line":60,"column":105}},{"start":{},"end":{}}],"line":60},"8":{"loc":{"start":{"line":60,"column":10},"end":{"line":60,"column":29}},"type":"binary-expr","locations":[{"start":{"line":60,"column":10},"end":{"line":60,"column":16}},{"start":{"line":60,"column":20},"end":{"line":60,"column":29}}],"line":60},"9":{"loc":{"start":{"line":65,"column":6},"end":{"line":65,"column":79}},"type":"if","locations":[{"start":{"line":65,"column":6},"end":{"line":65,"column":79}},{"start":{},"end":{}}],"line":65},"10":{"loc":{"start":{"line":67,"column":48},"end":{"line":67,"column":72}},"type":"binary-expr","locations":[{"start":{"line":67,"column":48},"end":{"line":67,"column":66}},{"start":{"line":67,"column":70},"end":{"line":67,"column":72}}],"line":67},"11":{"loc":{"start":{"line":68,"column":6},"end":{"line":68,"column":77}},"type":"if","locations":[{"start":{"line":68,"column":6},"end":{"line":68,"column":77}},{"start":{},"end":{}}],"line":68},"12":{"loc":{"start":{"line":99,"column":6},"end":{"line":99,"column":79}},"type":"if","locations":[{"start":{"line":99,"column":6},"end":{"line":99,"column":79}},{"start":{},"end":{}}],"line":99},"13":{"loc":{"start":{"line":108,"column":6},"end":{"line":108,"column":81}},"type":"if","locations":[{"start":{"line":108,"column":6},"end":{"line":108,"column":81}},{"start":{},"end":{}}],"line":108}},"s":{"0":4,"1":4,"2":4,"3":4,"4":4,"5":1,"6":0,"7":1,"8":1,"9":4,"10":2,"11":2,"12":2,"13":0,"14":2,"15":2,"16":1,"17":1,"18":1,"19":1,"20":1,"21":1,"22":1,"23":1,"24":1,"25":0,"26":0,"27":2,"28":2,"29":2,"30":0,"31":2,"32":2,"33":2,"34":0,"35":2,"36":2,"37":1,"38":1,"39":1,"40":1,"41":1,"42":0,"43":0,"44":2,"45":2,"46":2,"47":0,"48":2,"49":2,"50":2,"51":1,"52":1,"53":0,"54":0},"f":{"0":1,"1":2,"2":2,"3":2},"b":{"0":[4,1],"1":[4,1],"2":[0,1],"3":[0,2],"4":[2,2,2],"5":[1,1],"6":[1,1],"7":[0,2],"8":[2,2],"9":[0,2],"10":[2,0],"11":[1,1],"12":[0,2],"13":[1,1]},"_coverageSchema":"1a1c01bbd47fc00a2c39e90264f33305004495a9","hash":"35abb260e413ccd5e15085288d9600e0d309713c"}
,"C:\\Users\\HiroUzu\\Documents\\Septimo Semestre\\logisticpro\\server\\src\\controllers\\clientsController.js": {"path":"C:\\Users\\HiroUzu\\Documents\\Septimo Semestre\\logisticpro\\server\\src\\controllers\\clientsController.js","statementMap":{"0":{"start":{"line":2,"column":15},"end":{"line":2,"column":42}},"1":{"start":{"line":4,"column":19},"end":{"line":4,"column":68}},"2":{"start":{"line":4,"column":24},"end":{"line":4,"column":68}},"3":{"start":{"line":6,"column":0},"end":{"line":85,"column":2}},"4":{"start":{"line":8,"column":4},"end":{"line":14,"column":5}},"5":{"start":{"line":9,"column":23},"end":{"line":9,"column":139}},"6":{"start":{"line":10,"column":6},"end":{"line":10,"column":21}},"7":{"start":{"line":12,"column":6},"end":{"line":12,"column":42}},"8":{"start":{"line":13,"column":6},"end":{"line":13,"column":50}},"9":{"start":{"line":18,"column":15},"end":{"line":18,"column":36}},"10":{"start":{"line":19,"column":4},"end":{"line":19,"column":84}},"11":{"start":{"line":19,"column":31},"end":{"line":19,"column":84}},"12":{"start":{"line":20,"column":4},"end":{"line":27,"column":5}},"13":{"start":{"line":21,"column":23},"end":{"line":21,"column":140}},"14":{"start":{"line":22,"column":6},"end":{"line":22,"column":83}},"15":{"start":{"line":22,"column":24},"end":{"line":22,"column":83}},"16":{"start":{"line":23,"column":6},"end":{"line":23,"column":24}},"17":{"start":{"line":25,"column":6},"end":{"line":25,"column":42}},"18":{"start":{"line":26,"column":6},"end":{"line":26,"column":50}},"19":{"start":{"line":31,"column":60},"end":{"line":31,"column":68}},"20":{"start":{"line":32,"column":4},"end":{"line":32,"column":86}},"21":{"start":{"line":32,"column":27},"end":{"line":32,"column":86}},"22":{"start":{"line":33,"column":4},"end":{"line":42,"column":5}},"23":{"start":{"line":34,"column":16},"end":{"line":35,"column":108}},"24":{"start":{"line":36,"column":21},"end":{"line":36,"column":97}},"25":{"start":{"line":37,"column":23},"end":{"line":37,"column":50}},"26":{"start":{"line":38,"column":6},"end":{"line":38,"column":36}},"27":{"start":{"line":40,"column":6},"end":{"line":40,"column":41}},"28":{"start":{"line":41,"column":6},"end":{"line":41,"column":50}},"29":{"start":{"line":46,"column":15},"end":{"line":46,"column":36}},"30":{"start":{"line":47,"column":4},"end":{"line":47,"column":84}},"31":{"start":{"line":47,"column":31},"end":{"line":47,"column":84}},"32":{"start":{"line":49,"column":19},"end":{"line":49,"column":21}},"33":{"start":{"line":50,"column":19},"end":{"line":50,"column":21}},"34":{"start":{"line":51,"column":14},"end":{"line":51,"column":15}},"35":{"start":{"line":52,"column":60},"end":{"line":52,"column":68}},"36":{"start":{"line":53,"column":4},"end":{"line":53,"column":94}},"37":{"start":{"line":53,"column":36},"end":{"line":53,"column":66}},"38":{"start":{"line":53,"column":67},"end":{"line":53,"column":92}},"39":{"start":{"line":54,"column":4},"end":{"line":54,"column":108}},"40":{"start":{"line":54,"column":39},"end":{"line":54,"column":78}},"41":{"start":{"line":54,"column":79},"end":{"line":54,"column":106}},"42":{"start":{"line":55,"column":4},"end":{"line":55,"column":108}},"43":{"start":{"line":55,"column":39},"end":{"line":55,"column":78}},"44":{"start":{"line":55,"column":79},"end":{"line":55,"column":106}},"45":{"start":{"line":56,"column":4},"end":{"line":56,"column":90}},"46":{"start":{"line":56,"column":33},"end":{"line":56,"column":66}},"47":{"start":{"line":56,"column":67},"end":{"line":56,"column":88}},"48":{"start":{"line":58,"column":4},"end":{"line":58,"column":86}},"49":{"start":{"line":58,"column":24},"end":{"line":58,"column":86}},"50":{"start":{"line":60,"column":18},"end":{"line":60,"column":146}},"51":{"start":{"line":61,"column":4},"end":{"line":61,"column":20}},"52":{"start":{"line":63,"column":4},"end":{"line":70,"column":5}},"53":{"start":{"line":64,"column":23},"end":{"line":64,"column":54}},"54":{"start":{"line":65,"column":6},"end":{"line":65,"column":83}},"55":{"start":{"line":65,"column":24},"end":{"line":65,"column":83}},"56":{"start":{"line":66,"column":6},"end":{"line":66,"column":24}},"57":{"start":{"line":68,"column":6},"end":{"line":68,"column":41}},"58":{"start":{"line":69,"column":6},"end":{"line":69,"column":50}},"59":{"start":{"line":74,"column":15},"end":{"line":74,"column":36}},"60":{"start":{"line":75,"column":4},"end":{"line":75,"column":84}},"61":{"start":{"line":75,"column":31},"end":{"line":75,"column":84}},"62":{"start":{"line":76,"column":4},"end":{"line":83,"column":5}},"63":{"start":{"line":77,"column":27},"end":{"line":77,"column":84}},"64":{"start":{"line":78,"column":6},"end":{"line":78,"column":80}},"65":{"start":{"line":78,"column":21},"end":{"line":78,"column":80}},"66":{"start":{"line":79,"column":6},"end":{"line":79,"column":44}},"67":{"start":{"line":81,"column":6},"end":{"line":81,"column":41}},"68":{"start":{"line":82,"column":6},"end":{"line":82,"column":50}}},"fnMap":{"0":{"name":"(anonymous_0)","decl":{"start":{"line":4,"column":19},"end":{"line":4,"column":20}},"loc":{"start":{"line":4,"column":24},"end":{"line":4,"column":68}},"line":4},"1":{"name":"(anonymous_1)","decl":{"start":{"line":7,"column":2},"end":{"line":7,"column":3}},"loc":{"start":{"line":7,"column":32},"end":{"line":15,"column":3}},"line":7},"2":{"name":"(anonymous_2)","decl":{"start":{"line":17,"column":2},"end":{"line":17,"column":3}},"loc":{"start":{"line":17,"column":32},"end":{"line":28,"column":3}},"line":17},"3":{"name":"(anonymous_3)","decl":{"start":{"line":30,"column":2},"end":{"line":30,"column":3}},"loc":{"start":{"line":30,"column":31},"end":{"line":43,"column":3}},"line":30},"4":{"name":"(anonymous_4)","decl":{"start":{"line":45,"column":2},"end":{"line":45,"column":3}},"loc":{"start":{"line":45,"column":31},"end":{"line":71,"column":3}},"line":45},"5":{"name":"(anonymous_5)","decl":{"start":{"line":73,"column":2},"end":{"line":73,"column":3}},"loc":{"start":{"line":73,"column":31},"end":{"line":84,"column":3}},"line":73}},"branchMap":{"0":{"loc":{"start":{"line":4,"column":24},"end":{"line":4,"column":68}},"type":"binary-expr","locations":[{"start":{"line":4,"column":24},"end":{"line":4,"column":45}},{"start":{"line":4,"column":49},"end":{"line":4,"column":68}}],"line":4},"1":{"loc":{"start":{"line":19,"column":4},"end":{"line":19,"column":84}},"type":"if","locations":[{"start":{"line":19,"column":4},"end":{"line":19,"column":84}},{"start":{},"end":{}}],"line":19},"2":{"loc":{"start":{"line":22,"column":6},"end":{"line":22,"column":83}},"type":"if","locations":[{"start":{"line":22,"column":6},"end":{"line":22,"column":83}},{"start":{},"end":{}}],"line":22},"3":{"loc":{"start":{"line":32,"column":4},"end":{"line":32,"column":86}},"type":"if","locations":[{"start":{"line":32,"column":4},"end":{"line":32,"column":86}},{"start":{},"end":{}}],"line":32},"4":{"loc":{"start":{"line":36,"column":35},"end":{"line":36,"column":56}},"type":"binary-expr","locations":[{"start":{"line":36,"column":35},"end":{"line":36,"column":48}},{"start":{"line":36,"column":52},"end":{"line":36,"column":56}}],"line":36},"5":{"loc":{"start":{"line":36,"column":58},"end":{"line":36,"column":79}},"type":"binary-expr","locations":[{"start":{"line":36,"column":58},"end":{"line":36,"column":71}},{"start":{"line":36,"column":75},"end":{"line":36,"column":79}}],"line":36},"6":{"loc":{"start":{"line":36,"column":81},"end":{"line":36,"column":96}},"type":"binary-expr","locations":[{"start":{"line":36,"column":81},"end":{"line":36,"column":88}},{"start":{"line":36,"column":92},"end":{"line":36,"column":96}}],"line":36},"7":{"loc":{"start":{"line":47,"column":4},"end":{"line":47,"column":84}},"type":"if","locations":[{"start":{"line":47,"column":4},"end":{"line":47,"column":84}},{"start":{},"end":{}}],"line":47},"8":{"loc":{"start":{"line":53,"column":4},"end":{"line":53,"column":94}},"type":"if","locations":[{"start":{"line":53,"column":4},"end":{"line":53,"column":94}},{"start":{},"end":{}}],"line":53},"9":{"loc":{"start":{"line":53,"column":8},"end":{"line":53,"column":32}},"type":"binary-expr","locations":[{"start":{"line":53,"column":8},"end":{"line":53,"column":12}},{"start":{"line":53,"column":16},"end":{"line":53,"column":32}}],"line":53},"10":{"loc":{"start":{"line":54,"column":4},"end":{"line":54,"column":108}},"type":"if","locations":[{"start":{"line":54,"column":4},"end":{"line":54,"column":108}},{"start":{},"end":{}}],"line":54},"11":{"loc":{"start":{"line":55,"column":4},"end":{"line":55,"column":108}},"type":"if","locations":[{"start":{"line":55,"column":4},"end":{"line":55,"column":108}},{"start":{},"end":{}}],"line":55},"12":{"loc":{"start":{"line":56,"column":4},"end":{"line":56,"column":90}},"type":"if","locations":[{"start":{"line":56,"column":4},"end":{"line":56,"column":90}},{"start":{},"end":{}}],"line":56},"13":{"loc":{"start":{"line":58,"column":4},"end":{"line":58,"column":86}},"type":"if","locations":[{"start":{"line":58,"column":4},"end":{"line":58,"column":86}},{"start":{},"end":{}}],"line":58},"14":{"loc":{"start":{"line":65,"column":6},"end":{"line":65,"column":83}},"type":"if","locations":[{"start":{"line":65,"column":6},"end":{"line":65,"column":83}},{"start":{},"end":{}}],"line":65},"15":{"loc":{"start":{"line":75,"column":4},"end":{"line":75,"column":84}},"type":"if","locations":[{"start":{"line":75,"column":4},"end":{"line":75,"column":84}},{"start":{},"end":{}}],"line":75},"16":{"loc":{"start":{"line":78,"column":6},"end":{"line":78,"column":80}},"type":"if","locations":[{"start":{"line":78,"column":6},"end":{"line":78,"column":80}},{"start":{},"end":{}}],"line":78}},"s":{"0":4,"1":4,"2":2,"3":4,"4":1,"5":1,"6":1,"7":0,"8":0,"9":3,"10":3,"11":1,"12":2,"13":2,"14":2,"15":1,"16":1,"17":0,"18":0,"19":1,"20":1,"21":0,"22":1,"23":1,"24":1,"25":1,"26":1,"27":0,"28":0,"29":1,"30":1,"31":0,"32":1,"33":1,"34":1,"35":1,"36":1,"37":1,"38":1,"39":1,"40":0,"41":0,"42":1,"43":0,"44":0,"45":1,"46":0,"47":0,"48":1,"49":0,"50":1,"51":1,"52":1,"53":1,"54":1,"55":0,"56":1,"57":0,"58":0,"59":1,"60":1,"61":0,"62":1,"63":1,"64":1,"65":0,"66":1,"67":0,"68":0},"f":{"0":2,"1":1,"2":3,"3":1,"4":1,"5":1},"b":{"0":[2,2],"1":[1,2],"2":[1,1],"3":[0,1],"4":[1,0],"5":[1,1],"6":[1,1],"7":[0,1],"8":[1,0],"9":[1,1],"10":[0,1],"11":[0,1],"12":[0,1],"13":[0,1],"14":[0,1],"15":[0,1],"16":[0,1]},"_coverageSchema":"1a1c01bbd47fc00a2c39e90264f33305004495a9","hash":"31dabdddac364b3a738728ba08fbe134d8356df0"}
,"C:\\Users\\HiroUzu\\Documents\\Septimo Semestre\\logisticpro\\server\\src\\controllers\\ordersController.js": {"path":"C:\\Users\\HiroUzu\\Documents\\Septimo Semestre\\logisticpro\\server\\src\\controllers\\ordersController.js","statementMap":{"0":{"start":{"line":2,"column":15},"end":{"line":2,"column":42}},"1":{"start":{"line":4,"column":19},"end":{"line":4,"column":68}},"2":{"start":{"line":4,"column":24},"end":{"line":4,"column":68}},"3":{"start":{"line":6,"column":0},"end":{"line":131,"column":2}},"4":{"start":{"line":8,"column":4},"end":{"line":21,"column":5}},"5":{"start":{"line":9,"column":23},"end":{"line":16,"column":8}},"6":{"start":{"line":17,"column":6},"end":{"line":17,"column":21}},"7":{"start":{"line":19,"column":6},"end":{"line":19,"column":41}},"8":{"start":{"line":20,"column":6},"end":{"line":20,"column":50}},"9":{"start":{"line":25,"column":15},"end":{"line":25,"column":36}},"10":{"start":{"line":26,"column":4},"end":{"line":26,"column":84}},"11":{"start":{"line":26,"column":31},"end":{"line":26,"column":84}},"12":{"start":{"line":28,"column":4},"end":{"line":35,"column":5}},"13":{"start":{"line":29,"column":23},"end":{"line":29,"column":81}},"14":{"start":{"line":30,"column":6},"end":{"line":30,"column":82}},"15":{"start":{"line":30,"column":24},"end":{"line":30,"column":82}},"16":{"start":{"line":31,"column":6},"end":{"line":31,"column":24}},"17":{"start":{"line":33,"column":6},"end":{"line":33,"column":41}},"18":{"start":{"line":34,"column":6},"end":{"line":34,"column":50}},"19":{"start":{"line":39,"column":111},"end":{"line":39,"column":119}},"20":{"start":{"line":40,"column":4},"end":{"line":42,"column":5}},"21":{"start":{"line":41,"column":6},"end":{"line":41,"column":99}},"22":{"start":{"line":44,"column":21},"end":{"line":44,"column":57}},"23":{"start":{"line":45,"column":22},"end":{"line":45,"column":78}},"24":{"start":{"line":47,"column":25},"end":{"line":47,"column":79}},"25":{"start":{"line":48,"column":26},"end":{"line":48,"column":82}},"26":{"start":{"line":50,"column":19},"end":{"line":50,"column":89}},"27":{"start":{"line":51,"column":4},"end":{"line":51,"column":88}},"28":{"start":{"line":51,"column":29},"end":{"line":51,"column":88}},"29":{"start":{"line":53,"column":4},"end":{"line":56,"column":5}},"30":{"start":{"line":54,"column":18},"end":{"line":54,"column":72}},"31":{"start":{"line":55,"column":6},"end":{"line":55,"column":76}},"32":{"start":{"line":55,"column":16},"end":{"line":55,"column":76}},"33":{"start":{"line":59,"column":4},"end":{"line":79,"column":5}},"34":{"start":{"line":60,"column":16},"end":{"line":62,"column":29}},"35":{"start":{"line":63,"column":21},"end":{"line":72,"column":7}},"36":{"start":{"line":73,"column":23},"end":{"line":73,"column":50}},"37":{"start":{"line":74,"column":6},"end":{"line":74,"column":36}},"38":{"start":{"line":76,"column":6},"end":{"line":76,"column":40}},"39":{"start":{"line":77,"column":6},"end":{"line":77,"column":103}},"40":{"start":{"line":77,"column":32},"end":{"line":77,"column":103}},"41":{"start":{"line":78,"column":6},"end":{"line":78,"column":50}},"42":{"start":{"line":83,"column":15},"end":{"line":83,"column":36}},"43":{"start":{"line":84,"column":4},"end":{"line":84,"column":84}},"44":{"start":{"line":84,"column":31},"end":{"line":84,"column":84}},"45":{"start":{"line":86,"column":19},"end":{"line":86,"column":21}},"46":{"start":{"line":87,"column":19},"end":{"line":87,"column":21}},"47":{"start":{"line":88,"column":14},"end":{"line":88,"column":15}},"48":{"start":{"line":89,"column":153},"end":{"line":89,"column":161}},"49":{"start":{"line":91,"column":4},"end":{"line":91,"column":130}},"50":{"start":{"line":91,"column":54},"end":{"line":91,"column":93}},"51":{"start":{"line":91,"column":94},"end":{"line":91,"column":128}},"52":{"start":{"line":92,"column":4},"end":{"line":92,"column":90}},"53":{"start":{"line":92,"column":21},"end":{"line":92,"column":56}},"54":{"start":{"line":92,"column":57},"end":{"line":92,"column":88}},"55":{"start":{"line":93,"column":4},"end":{"line":93,"column":73}},"56":{"start":{"line":93,"column":18},"end":{"line":93,"column":50}},"57":{"start":{"line":93,"column":51},"end":{"line":93,"column":71}},"58":{"start":{"line":94,"column":4},"end":{"line":94,"column":88}},"59":{"start":{"line":94,"column":23},"end":{"line":94,"column":60}},"60":{"start":{"line":94,"column":61},"end":{"line":94,"column":86}},"61":{"start":{"line":95,"column":4},"end":{"line":95,"column":95}},"62":{"start":{"line":95,"column":32},"end":{"line":95,"column":64}},"63":{"start":{"line":95,"column":65},"end":{"line":95,"column":93}},"64":{"start":{"line":96,"column":4},"end":{"line":96,"column":73}},"65":{"start":{"line":96,"column":18},"end":{"line":96,"column":50}},"66":{"start":{"line":96,"column":51},"end":{"line":96,"column":71}},"67":{"start":{"line":97,"column":4},"end":{"line":97,"column":120}},"68":{"start":{"line":97,"column":31},"end":{"line":97,"column":76}},"69":{"start":{"line":97,"column":77},"end":{"line":97,"column":118}},"70":{"start":{"line":98,"column":4},"end":{"line":98,"column":117}},"71":{"start":{"line":98,"column":30},"end":{"line":98,"column":74}},"72":{"start":{"line":98,"column":75},"end":{"line":98,"column":115}},"73":{"start":{"line":99,"column":4},"end":{"line":99,"column":99}},"74":{"start":{"line":99,"column":24},"end":{"line":99,"column":62}},"75":{"start":{"line":99,"column":63},"end":{"line":99,"column":97}},"76":{"start":{"line":100,"column":4},"end":{"line":100,"column":109}},"77":{"start":{"line":100,"column":30},"end":{"line":100,"column":74}},"78":{"start":{"line":100,"column":75},"end":{"line":100,"column":107}},"79":{"start":{"line":102,"column":4},"end":{"line":102,"column":86}},"80":{"start":{"line":102,"column":24},"end":{"line":102,"column":86}},"81":{"start":{"line":104,"column":18},"end":{"line":104,"column":107}},"82":{"start":{"line":105,"column":4},"end":{"line":105,"column":20}},"83":{"start":{"line":107,"column":4},"end":{"line":115,"column":5}},"84":{"start":{"line":108,"column":23},"end":{"line":108,"column":54}},"85":{"start":{"line":109,"column":6},"end":{"line":109,"column":82}},"86":{"start":{"line":109,"column":24},"end":{"line":109,"column":82}},"87":{"start":{"line":110,"column":6},"end":{"line":110,"column":24}},"88":{"start":{"line":112,"column":6},"end":{"line":112,"column":40}},"89":{"start":{"line":113,"column":6},"end":{"line":113,"column":90}},"90":{"start":{"line":113,"column":32},"end":{"line":113,"column":90}},"91":{"start":{"line":114,"column":6},"end":{"line":114,"column":50}},"92":{"start":{"line":119,"column":15},"end":{"line":119,"column":36}},"93":{"start":{"line":120,"column":4},"end":{"line":120,"column":84}},"94":{"start":{"line":120,"column":31},"end":{"line":120,"column":84}},"95":{"start":{"line":122,"column":4},"end":{"line":129,"column":5}},"96":{"start":{"line":123,"column":27},"end":{"line":123,"column":83}},"97":{"start":{"line":124,"column":6},"end":{"line":124,"column":79}},"98":{"start":{"line":124,"column":21},"end":{"line":124,"column":79}},"99":{"start":{"line":125,"column":6},"end":{"line":125,"column":44}},"100":{"start":{"line":127,"column":6},"end":{"line":127,"column":40}},"101":{"start":{"line":128,"column":6},"end":{"line":128,"column":50}}},"fnMap":{"0":{"name":"(anonymous_0)","decl":{"start":{"line":4,"column":19},"end":{"line":4,"column":20}},"loc":{"start":{"line":4,"column":24},"end":{"line":4,"column":68}},"line":4},"1":{"name":"(anonymous_1)","decl":{"start":{"line":7,"column":2},"end":{"line":7,"column":3}},"loc":{"start":{"line":7,"column":31},"end":{"line":22,"column":3}},"line":7},"2":{"name":"(anonymous_2)","decl":{"start":{"line":24,"column":2},"end":{"line":24,"column":3}},"loc":{"start":{"line":24,"column":31},"end":{"line":36,"column":3}},"line":24},"3":{"name":"(anonymous_3)","decl":{"start":{"line":38,"column":2},"end":{"line":38,"column":3}},"loc":{"start":{"line":38,"column":30},"end":{"line":80,"column":3}},"line":38},"4":{"name":"(anonymous_4)","decl":{"start":{"line":82,"column":2},"end":{"line":82,"column":3}},"loc":{"start":{"line":82,"column":30},"end":{"line":116,"column":3}},"line":82},"5":{"name":"(anonymous_5)","decl":{"start":{"line":118,"column":2},"end":{"line":118,"column":3}},"loc":{"start":{"line":118,"column":30},"end":{"line":130,"column":3}},"line":118}},"branchMap":{"0":{"loc":{"start":{"line":4,"column":24},"end":{"line":4,"column":68}},"type":"binary-expr","locations":[{"start":{"line":4,"column":24},"end":{"line":4,"column":45}},{"start":{"line":4,"column":49},"end":{"line":4,"column":68}}],"line":4},"1":{"loc":{"start":{"line":26,"column":4},"end":{"line":26,"column":84}},"type":"if","locations":[{"start":{"line":26,"column":4},"end":{"line":26,"column":84}},{"start":{},"end":{}}],"line":26},"2":{"loc":{"start":{"line":30,"column":6},"end":{"line":30,"column":82}},"type":"if","locations":[{"start":{"line":30,"column":6},"end":{"line":30,"column":82}},{"start":{},"end":{}}],"line":30},"3":{"loc":{"start":{"line":40,"column":4},"end":{"line":42,"column":5}},"type":"if","locations":[{"start":{"line":40,"column":4},"end":{"line":42,"column":5}},{"start":{},"end":{}}],"line":40},"4":{"loc":{"start":{"line":40,"column":8},"end":{"line":40,"column":85}},"type":"binary-expr","locations":[{"start":{"line":40,"column":8},"end":{"line":40,"column":34}},{"start":{"line":40,"column":38},"end":{"line":40,"column":57}},{"start":{"line":40,"column":61},"end":{"line":40,"column":85}}],"line":40},"5":{"loc":{"start":{"line":44,"column":21},"end":{"line":44,"column":57}},"type":"cond-expr","locations":[{"start":{"line":44,"column":33},"end":{"line":44,"column":50}},{"start":{"line":44,"column":53},"end":{"line":44,"column":57}}],"line":44},"6":{"loc":{"start":{"line":45,"column":22},"end":{"line":45,"column":78}},"type":"cond-expr","locations":[{"start":{"line":45,"column":44},"end":{"line":45,"column":71}},{"start":{"line":45,"column":74},"end":{"line":45,"column":78}}],"line":45},"7":{"loc":{"start":{"line":47,"column":25},"end":{"line":47,"column":79}},"type":"cond-expr","locations":[{"start":{"line":47,"column":36},"end":{"line":47,"column":72}},{"start":{"line":47,"column":75},"end":{"line":47,"column":79}}],"line":47},"8":{"loc":{"start":{"line":48,"column":26},"end":{"line":48,"column":82}},"type":"cond-expr","locations":[{"start":{"line":48,"column":38},"end":{"line":48,"column":75}},{"start":{"line":48,"column":78},"end":{"line":48,"column":82}}],"line":48},"9":{"loc":{"start":{"line":50,"column":19},"end":{"line":50,"column":89}},"type":"cond-expr","locations":[{"start":{"line":50,"column":30},"end":{"line":50,"column":82}},{"start":{"line":50,"column":85},"end":{"line":50,"column":89}}],"line":50},"10":{"loc":{"start":{"line":51,"column":4},"end":{"line":51,"column":88}},"type":"if","locations":[{"start":{"line":51,"column":4},"end":{"line":51,"column":88}},{"start":{},"end":{}}],"line":51},"11":{"loc":{"start":{"line":51,"column":8},"end":{"line":51,"column":27}},"type":"binary-expr","locations":[{"start":{"line":51,"column":8},"end":{"line":51,"column":16}},{"start":{"line":51,"column":20},"end":{"line":51,"column":27}}],"line":51},"12":{"loc":{"start":{"line":53,"column":4},"end":{"line":56,"column":5}},"type":"if","locations":[{"start":{"line":53,"column":4},"end":{"line":56,"column":5}},{"start":{},"end":{}}],"line":53},"13":{"loc":{"start":{"line":55,"column":6},"end":{"line":55,"column":76}},"type":"if","locations":[{"start":{"line":55,"column":6},"end":{"line":55,"column":76}},{"start":{},"end":{}}],"line":55},"14":{"loc":{"start":{"line":68,"column":8},"end":{"line":68,"column":35}},"type":"cond-expr","locations":[{"start":{"line":68,"column":17},"end":{"line":68,"column":31}},{"start":{"line":68,"column":34},"end":{"line":68,"column":35}}],"line":68},"15":{"loc":{"start":{"line":71,"column":8},"end":{"line":71,"column":34}},"type":"binary-expr","locations":[{"start":{"line":71,"column":8},"end":{"line":71,"column":26}},{"start":{"line":71,"column":30},"end":{"line":71,"column":34}}],"line":71},"16":{"loc":{"start":{"line":77,"column":6},"end":{"line":77,"column":103}},"type":"if","locations":[{"start":{"line":77,"column":6},"end":{"line":77,"column":103}},{"start":{},"end":{}}],"line":77},"17":{"loc":{"start":{"line":84,"column":4},"end":{"line":84,"column":84}},"type":"if","locations":[{"start":{"line":84,"column":4},"end":{"line":84,"column":84}},{"start":{},"end":{}}],"line":84},"18":{"loc":{"start":{"line":91,"column":4},"end":{"line":91,"column":130}},"type":"if","locations":[{"start":{"line":91,"column":4},"end":{"line":91,"column":130}},{"start":{},"end":{}}],"line":91},"19":{"loc":{"start":{"line":91,"column":8},"end":{"line":91,"column":50}},"type":"binary-expr","locations":[{"start":{"line":91,"column":8},"end":{"line":91,"column":21}},{"start":{"line":91,"column":25},"end":{"line":91,"column":50}}],"line":91},"20":{"loc":{"start":{"line":92,"column":4},"end":{"line":92,"column":90}},"type":"if","locations":[{"start":{"line":92,"column":4},"end":{"line":92,"column":90}},{"start":{},"end":{}}],"line":92},"21":{"loc":{"start":{"line":93,"column":4},"end":{"line":93,"column":73}},"type":"if","locations":[{"start":{"line":93,"column":4},"end":{"line":93,"column":73}},{"start":{},"end":{}}],"line":93},"22":{"loc":{"start":{"line":94,"column":4},"end":{"line":94,"column":88}},"type":"if","locations":[{"start":{"line":94,"column":4},"end":{"line":94,"column":88}},{"start":{},"end":{}}],"line":94},"23":{"loc":{"start":{"line":95,"column":4},"end":{"line":95,"column":95}},"type":"if","locations":[{"start":{"line":95,"column":4},"end":{"line":95,"column":95}},{"start":{},"end":{}}],"line":95},"24":{"loc":{"start":{"line":96,"column":4},"end":{"line":96,"column":73}},"type":"if","locations":[{"start":{"line":96,"column":4},"end":{"line":96,"column":73}},{"start":{},"end":{}}],"line":96},"25":{"loc":{"start":{"line":97,"column":4},"end":{"line":97,"column":120}},"type":"if","locations":[{"start":{"line":97,"column":4},"end":{"line":97,"column":120}},{"start":{},"end":{}}],"line":97},"26":{"loc":{"start":{"line":98,"column":4},"end":{"line":98,"column":117}},"type":"if","locations":[{"start":{"line":98,"column":4},"end":{"line":98,"column":117}},{"start":{},"end":{}}],"line":98},"27":{"loc":{"start":{"line":99,"column":4},"end":{"line":99,"column":99}},"type":"if","locations":[{"start":{"line":99,"column":4},"end":{"line":99,"column":99}},{"start":{},"end":{}}],"line":99},"28":{"loc":{"start":{"line":100,"column":4},"end":{"line":100,"column":109}},"type":"if","locations":[{"start":{"line":100,"column":4},"end":{"line":100,"column":109}},{"start":{},"end":{}}],"line":100},"29":{"loc":{"start":{"line":102,"column":4},"end":{"line":102,"column":86}},"type":"if","locations":[{"start":{"line":102,"column":4},"end":{"line":102,"column":86}},{"start":{},"end":{}}],"line":102},"30":{"loc":{"start":{"line":109,"column":6},"end":{"line":109,"column":82}},"type":"if","locations":[{"start":{"line":109,"column":6},"end":{"line":109,"column":82}},{"start":{},"end":{}}],"line":109},"31":{"loc":{"start":{"line":113,"column":6},"end":{"line":113,"column":90}},"type":"if","locations":[{"start":{"line":113,"column":6},"end":{"line":113,"column":90}},{"start":{},"end":{}}],"line":113},"32":{"loc":{"start":{"line":120,"column":4},"end":{"line":120,"column":84}},"type":"if","locations":[{"start":{"line":120,"column":4},"end":{"line":120,"column":84}},{"start":{},"end":{}}],"line":120},"33":{"loc":{"start":{"line":124,"column":6},"end":{"line":124,"column":79}},"type":"if","locations":[{"start":{"line":124,"column":6},"end":{"line":124,"column":79}},{"start":{},"end":{}}],"line":124}},"s":{"0":4,"1":4,"2":3,"3":4,"4":1,"5":1,"6":1,"7":0,"8":0,"9":3,"10":3,"11":1,"12":2,"13":2,"14":2,"15":1,"16":1,"17":0,"18":0,"19":1,"20":1,"21":0,"22":1,"23":1,"24":1,"25":1,"26":1,"27":1,"28":0,"29":1,"30":0,"31":0,"32":0,"33":1,"34":1,"35":1,"36":1,"37":1,"38":0,"39":0,"40":0,"41":0,"42":1,"43":1,"44":0,"45":1,"46":1,"47":1,"48":1,"49":1,"50":0,"51":0,"52":1,"53":0,"54":0,"55":1,"56":0,"57":0,"58":1,"59":0,"60":0,"61":1,"62":0,"63":0,"64":1,"65":1,"66":1,"67":1,"68":0,"69":0,"70":1,"71":0,"72":0,"73":1,"74":0,"75":0,"76":1,"77":0,"78":0,"79":1,"80":0,"81":1,"82":1,"83":1,"84":1,"85":1,"86":0,"87":1,"88":0,"89":0,"90":0,"91":0,"92":1,"93":1,"94":0,"95":1,"96":1,"97":1,"98":0,"99":1,"100":0,"101":0},"f":{"0":3,"1":1,"2":3,"3":1,"4":1,"5":1},"b":{"0":[3,3],"1":[1,2],"2":[1,1],"3":[0,1],"4":[1,1,1],"5":[1,0],"6":[0,1],"7":[1,0],"8":[0,1],"9":[1,0],"10":[0,1],"11":[1,1],"12":[0,1],"13":[0,0],"14":[0,1],"15":[1,1],"16":[0,0],"17":[0,1],"18":[0,1],"19":[1,0],"20":[0,1],"21":[0,1],"22":[0,1],"23":[0,1],"24":[1,0],"25":[0,1],"26":[0,1],"27":[0,1],"28":[0,1],"29":[0,1],"30":[0,1],"31":[0,0],"32":[0,1],"33":[0,1]},"_coverageSchema":"1a1c01bbd47fc00a2c39e90264f33305004495a9","hash":"1fc72e9cf459f77a39e45f9249307d0746eaba14"}
,"C:\\Users\\HiroUzu\\Documents\\Septimo Semestre\\logisticpro\\server\\src\\controllers\\usersController.js": {"path":"C:\\Users\\HiroUzu\\Documents\\Septimo Semestre\\logisticpro\\server\\src\\controllers\\usersController.js","statementMap":{"0":{"start":{"line":2,"column":15},"end":{"line":2,"column":42}},"1":{"start":{"line":6,"column":2},"end":{"line":6,"column":65}},"2":{"start":{"line":9,"column":2},"end":{"line":9,"column":54}},"3":{"start":{"line":12,"column":0},"end":{"line":106,"column":2}},"4":{"start":{"line":15,"column":4},"end":{"line":21,"column":5}},"5":{"start":{"line":16,"column":23},"end":{"line":16,"column":106}},"6":{"start":{"line":17,"column":6},"end":{"line":17,"column":21}},"7":{"start":{"line":19,"column":6},"end":{"line":19,"column":46}},"8":{"start":{"line":20,"column":6},"end":{"line":20,"column":56}},"9":{"start":{"line":26,"column":15},"end":{"line":26,"column":36}},"10":{"start":{"line":27,"column":4},"end":{"line":27,"column":95}},"11":{"start":{"line":27,"column":42},"end":{"line":27,"column":95}},"12":{"start":{"line":29,"column":4},"end":{"line":36,"column":5}},"13":{"start":{"line":30,"column":23},"end":{"line":30,"column":114}},"14":{"start":{"line":31,"column":6},"end":{"line":31,"column":86}},"15":{"start":{"line":31,"column":29},"end":{"line":31,"column":86}},"16":{"start":{"line":32,"column":6},"end":{"line":32,"column":24}},"17":{"start":{"line":34,"column":6},"end":{"line":34,"column":46}},"18":{"start":{"line":35,"column":6},"end":{"line":35,"column":56}},"19":{"start":{"line":41,"column":34},"end":{"line":41,"column":42}},"20":{"start":{"line":42,"column":4},"end":{"line":42,"column":92}},"21":{"start":{"line":42,"column":33},"end":{"line":42,"column":92}},"22":{"start":{"line":43,"column":4},"end":{"line":43,"column":96}},"23":{"start":{"line":43,"column":30},"end":{"line":43,"column":96}},"24":{"start":{"line":45,"column":4},"end":{"line":57,"column":5}},"25":{"start":{"line":46,"column":16},"end":{"line":46,"column":119}},"26":{"start":{"line":47,"column":21},"end":{"line":47,"column":117}},"27":{"start":{"line":48,"column":23},"end":{"line":48,"column":50}},"28":{"start":{"line":49,"column":6},"end":{"line":49,"column":36}},"29":{"start":{"line":51,"column":6},"end":{"line":51,"column":45}},"30":{"start":{"line":53,"column":6},"end":{"line":55,"column":7}},"31":{"start":{"line":54,"column":8},"end":{"line":54,"column":71}},"32":{"start":{"line":56,"column":6},"end":{"line":56,"column":56}},"33":{"start":{"line":62,"column":15},"end":{"line":62,"column":36}},"34":{"start":{"line":63,"column":4},"end":{"line":63,"column":95}},"35":{"start":{"line":63,"column":42},"end":{"line":63,"column":95}},"36":{"start":{"line":65,"column":34},"end":{"line":65,"column":42}},"37":{"start":{"line":66,"column":4},"end":{"line":66,"column":95}},"38":{"start":{"line":66,"column":39},"end":{"line":66,"column":95}},"39":{"start":{"line":69,"column":19},"end":{"line":69,"column":21}},"40":{"start":{"line":70,"column":19},"end":{"line":70,"column":21}},"41":{"start":{"line":71,"column":14},"end":{"line":71,"column":15}},"42":{"start":{"line":72,"column":4},"end":{"line":72,"column":102}},"43":{"start":{"line":72,"column":42},"end":{"line":72,"column":74}},"44":{"start":{"line":72,"column":75},"end":{"line":72,"column":100}},"45":{"start":{"line":73,"column":4},"end":{"line":73,"column":93}},"46":{"start":{"line":73,"column":17},"end":{"line":73,"column":50}},"47":{"start":{"line":73,"column":51},"end":{"line":73,"column":91}},"48":{"start":{"line":74,"column":4},"end":{"line":74,"column":102}},"49":{"start":{"line":74,"column":42},"end":{"line":74,"column":74}},"50":{"start":{"line":74,"column":75},"end":{"line":74,"column":100}},"51":{"start":{"line":76,"column":4},"end":{"line":76,"column":91}},"52":{"start":{"line":76,"column":29},"end":{"line":76,"column":91}},"53":{"start":{"line":78,"column":18},"end":{"line":78,"column":120}},"54":{"start":{"line":79,"column":4},"end":{"line":79,"column":20}},"55":{"start":{"line":81,"column":4},"end":{"line":89,"column":5}},"56":{"start":{"line":82,"column":23},"end":{"line":82,"column":54}},"57":{"start":{"line":83,"column":6},"end":{"line":83,"column":86}},"58":{"start":{"line":83,"column":29},"end":{"line":83,"column":86}},"59":{"start":{"line":84,"column":6},"end":{"line":84,"column":24}},"60":{"start":{"line":86,"column":6},"end":{"line":86,"column":45}},"61":{"start":{"line":87,"column":6},"end":{"line":87,"column":95}},"62":{"start":{"line":87,"column":32},"end":{"line":87,"column":95}},"63":{"start":{"line":88,"column":6},"end":{"line":88,"column":56}},"64":{"start":{"line":94,"column":15},"end":{"line":94,"column":36}},"65":{"start":{"line":95,"column":4},"end":{"line":95,"column":95}},"66":{"start":{"line":95,"column":42},"end":{"line":95,"column":95}},"67":{"start":{"line":97,"column":4},"end":{"line":104,"column":5}},"68":{"start":{"line":98,"column":27},"end":{"line":98,"column":84}},"69":{"start":{"line":99,"column":6},"end":{"line":99,"column":83}},"70":{"start":{"line":99,"column":26},"end":{"line":99,"column":83}},"71":{"start":{"line":100,"column":6},"end":{"line":100,"column":44}},"72":{"start":{"line":102,"column":6},"end":{"line":102,"column":45}},"73":{"start":{"line":103,"column":6},"end":{"line":103,"column":56}}},"fnMap":{"0":{"name":"isValidEmail","decl":{"start":{"line":5,"column":9},"end":{"line":5,"column":21}},"loc":{"start":{"line":5,"column":29},"end":{"line":7,"column":1}},"line":5},"1":{"name":"isNonEmptyString","decl":{"start":{"line":8,"column":9},"end":{"line":8,"column":25}},"loc":{"start":{"line":8,"column":29},"end":{"line":10,"column":1}},"line":8},"2":{"name":"(anonymous_2)","decl":{"start":{"line":14,"column":2},"end":{"line":14,"column":3}},"loc":{"start":{"line":14,"column":30},"end":{"line":22,"column":3}},"line":14},"3":{"name":"(anonymous_3)","decl":{"start":{"line":25,"column":2},"end":{"line":25,"column":3}},"loc":{"start":{"line":25,"column":30},"end":{"line":37,"column":3}},"line":25},"4":{"name":"(anonymous_4)","decl":{"start":{"line":40,"column":2},"end":{"line":40,"column":3}},"loc":{"start":{"line":40,"column":29},"end":{"line":58,"column":3}},"line":40},"5":{"name":"(anonymous_5)","decl":{"start":{"line":61,"column":2},"end":{"line":61,"column":3}},"loc":{"start":{"line":61,"column":29},"end":{"line":90,"column":3}},"line":61},"6":{"name":"(anonymous_6)","decl":{"start":{"line":93,"column":2},"end":{"line":93,"column":3}},"loc":{"start":{"line":93,"column":29},"end":{"line":105,"column":3}},"line":93}},"branchMap":{"0":{"loc":{"start":{"line":6,"column":9},"end":{"line":6,"column":64}},"type":"binary-expr","locations":[{"start":{"line":6,"column":9},"end":{"line":6,"column":34}},{"start":{"line":6,"column":38},"end":{"line":6,"column":64}}],"line":6},"1":{"loc":{"start":{"line":9,"column":9},"end":{"line":9,"column":53}},"type":"binary-expr","locations":[{"start":{"line":9,"column":9},"end":{"line":9,"column":30}},{"start":{"line":9,"column":34},"end":{"line":9,"column":53}}],"line":9},"2":{"loc":{"start":{"line":27,"column":4},"end":{"line":27,"column":95}},"type":"if","locations":[{"start":{"line":27,"column":4},"end":{"line":27,"column":95}},{"start":{},"end":{}}],"line":27},"3":{"loc":{"start":{"line":27,"column":8},"end":{"line":27,"column":40}},"type":"binary-expr","locations":[{"start":{"line":27,"column":8},"end":{"line":27,"column":29}},{"start":{"line":27,"column":33},"end":{"line":27,"column":40}}],"line":27},"4":{"loc":{"start":{"line":31,"column":6},"end":{"line":31,"column":86}},"type":"if","locations":[{"start":{"line":31,"column":6},"end":{"line":31,"column":86}},{"start":{},"end":{}}],"line":31},"5":{"loc":{"start":{"line":42,"column":4},"end":{"line":42,"column":92}},"type":"if","locations":[{"start":{"line":42,"column":4},"end":{"line":42,"column":92}},{"start":{},"end":{}}],"line":42},"6":{"loc":{"start":{"line":43,"column":4},"end":{"line":43,"column":96}},"type":"if","locations":[{"start":{"line":43,"column":4},"end":{"line":43,"column":96}},{"start":{},"end":{}}],"line":43},"7":{"loc":{"start":{"line":47,"column":63},"end":{"line":47,"column":116}},"type":"cond-expr","locations":[{"start":{"line":47,"column":96},"end":{"line":47,"column":107}},{"start":{"line":47,"column":110},"end":{"line":47,"column":116}}],"line":47},"8":{"loc":{"start":{"line":47,"column":63},"end":{"line":47,"column":93}},"type":"binary-expr","locations":[{"start":{"line":47,"column":63},"end":{"line":47,"column":67}},{"start":{"line":47,"column":71},"end":{"line":47,"column":93}}],"line":47},"9":{"loc":{"start":{"line":53,"column":6},"end":{"line":55,"column":7}},"type":"if","locations":[{"start":{"line":53,"column":6},"end":{"line":55,"column":7}},{"start":{},"end":{}}],"line":53},"10":{"loc":{"start":{"line":63,"column":4},"end":{"line":63,"column":95}},"type":"if","locations":[{"start":{"line":63,"column":4},"end":{"line":63,"column":95}},{"start":{},"end":{}}],"line":63},"11":{"loc":{"start":{"line":63,"column":8},"end":{"line":63,"column":40}},"type":"binary-expr","locations":[{"start":{"line":63,"column":8},"end":{"line":63,"column":29}},{"start":{"line":63,"column":33},"end":{"line":63,"column":40}}],"line":63},"12":{"loc":{"start":{"line":66,"column":4},"end":{"line":66,"column":95}},"type":"if","locations":[{"start":{"line":66,"column":4},"end":{"line":66,"column":95}},{"start":{},"end":{}}],"line":66},"13":{"loc":{"start":{"line":66,"column":8},"end":{"line":66,"column":37}},"type":"binary-expr","locations":[{"start":{"line":66,"column":8},"end":{"line":66,"column":13}},{"start":{"line":66,"column":17},"end":{"line":66,"column":37}}],"line":66},"14":{"loc":{"start":{"line":72,"column":4},"end":{"line":72,"column":102}},"type":"if","locations":[{"start":{"line":72,"column":4},"end":{"line":72,"column":102}},{"start":{},"end":{}}],"line":72},"15":{"loc":{"start":{"line":72,"column":8},"end":{"line":72,"column":38}},"type":"binary-expr","locations":[{"start":{"line":72,"column":8},"end":{"line":72,"column":12}},{"start":{"line":72,"column":16},"end":{"line":72,"column":38}}],"line":72},"16":{"loc":{"start":{"line":73,"column":4},"end":{"line":73,"column":93}},"type":"if","locations":[{"start":{"line":73,"column":4},"end":{"line":73,"column":93}},{"start":{},"end":{}}],"line":73},"17":{"loc":{"start":{"line":74,"column":4},"end":{"line":74,"column":102}},"type":"if","locations":[{"start":{"line":74,"column":4},"end":{"line":74,"column":102}},{"start":{},"end":{}}],"line":74},"18":{"loc":{"start":{"line":74,"column":8},"end":{"line":74,"column":38}},"type":"binary-expr","locations":[{"start":{"line":74,"column":8},"end":{"line":74,"column":12}},{"start":{"line":74,"column":16},"end":{"line":74,"column":38}}],"line":74},"19":{"loc":{"start":{"line":76,"column":4},"end":{"line":76,"column":91}},"type":"if","locations":[{"start":{"line":76,"column":4},"end":{"line":76,"column":91}},{"start":{},"end":{}}],"line":76},"20":{"loc":{"start":{"line":83,"column":6},"end":{"line":83,"column":86}},"type":"if","locations":[{"start":{"line":83,"column":6},"end":{"line":83,"column":86}},{"start":{},"end":{}}],"line":83},"21":{"loc":{"start":{"line":87,"column":6},"end":{"line":87,"column":95}},"type":"if","locations":[{"start":{"line":87,"column":6},"end":{"line":87,"column":95}},{"start":{},"end":{}}],"line":87},"22":{"loc":{"start":{"line":95,"column":4},"end":{"line":95,"column":95}},"type":"if","locations":[{"start":{"line":95,"column":4},"end":{"line":95,"column":95}},{"start":{},"end":{}}],"line":95},"23":{"loc":{"start":{"line":95,"column":8},"end":{"line":95,"column":40}},"type":"binary-expr","locations":[{"start":{"line":95,"column":8},"end":{"line":95,"column":29}},{"start":{"line":95,"column":33},"end":{"line":95,"column":40}}],"line":95},"24":{"loc":{"start":{"line":99,"column":6},"end":{"line":99,"column":83}},"type":"if","locations":[{"start":{"line":99,"column":6},"end":{"line":99,"column":83}},{"start":{},"end":{}}],"line":99}},"s":{"0":4,"1":1,"2":2,"3":4,"4":1,"5":1,"6":1,"7":0,"8":0,"9":2,"10":2,"11":0,"12":2,"13":2,"14":2,"15":1,"16":1,"17":0,"18":0,"19":1,"20":1,"21":0,"22":1,"23":0,"24":1,"25":1,"26":1,"27":1,"28":1,"29":0,"30":0,"31":0,"32":0,"33":1,"34":1,"35":0,"36":1,"37":1,"38":0,"39":1,"40":1,"41":1,"42":1,"43":1,"44":1,"45":1,"46":0,"47":0,"48":1,"49":0,"50":0,"51":1,"52":0,"53":1,"54":1,"55":1,"56":1,"57":1,"58":0,"59":1,"60":0,"61":0,"62":0,"63":0,"64":1,"65":1,"66":0,"67":1,"68":1,"69":1,"70":0,"71":1,"72":0,"73":0},"f":{"0":1,"1":2,"2":1,"3":2,"4":1,"5":1,"6":1},"b":{"0":[1,1],"1":[2,2],"2":[0,2],"3":[2,2],"4":[1,1],"5":[0,1],"6":[0,1],"7":[0,1],"8":[1,0],"9":[0,0],"10":[0,1],"11":[1,1],"12":[0,1],"13":[1,0],"14":[1,0],"15":[1,1],"16":[0,1],"17":[0,1],"18":[1,0],"19":[0,1],"20":[0,1],"21":[0,0],"22":[0,1],"23":[1,1],"24":[0,1]},"_coverageSchema":"1a1c01bbd47fc00a2c39e90264f33305004495a9","hash":"360f29d9198adb40a3189bc0883a7f5328fb2bc6"}
,"C:\\Users\\HiroUzu\\Documents\\Septimo Semestre\\logisticpro\\server\\src\\routes\\auth.js": {"path":"C:\\Users\\HiroUzu\\Documents\\Septimo Semestre\\logisticpro\\server\\src\\routes\\auth.js","statementMap":{"0":{"start":{"line":2,"column":16},"end":{"line":2,"column":34}},"1":{"start":{"line":3,"column":15},"end":{"line":3,"column":31}},"2":{"start":{"line":4,"column":13},"end":{"line":4,"column":53}},"3":{"start":{"line":5,"column":13},"end":{"line":5,"column":52}},"4":{"start":{"line":7,"column":0},"end":{"line":7,"column":40}},"5":{"start":{"line":8,"column":0},"end":{"line":8,"column":34}},"6":{"start":{"line":9,"column":0},"end":{"line":9,"column":51}},"7":{"start":{"line":10,"column":0},"end":{"line":10,"column":24}}},"fnMap":{},"branchMap":{},"s":{"0":3,"1":3,"2":3,"3":3,"4":3,"5":3,"6":3,"7":3},"f":{},"b":{},"_coverageSchema":"1a1c01bbd47fc00a2c39e90264f33305004495a9","hash":"ea5c2a6e3073b2ff56bb75e77af8995d46f1c1ce"}
,"C:\\Users\\HiroUzu\\Documents\\Septimo Semestre\\logisticpro\\server\\src\\routes\\clients.js": {"path":"C:\\Users\\HiroUzu\\Documents\\Septimo Semestre\\logisticpro\\server\\src\\routes\\clients.js","statementMap":{"0":{"start":{"line":2,"column":16},"end":{"line":2,"column":34}},"1":{"start":{"line":3,"column":15},"end":{"line":3,"column":31}},"2":{"start":{"line":4,"column":13},"end":{"line":4,"column":56}},"3":{"start":{"line":5,"column":61},"end":{"line":5,"column":100}},"4":{"start":{"line":9,"column":0},"end":{"line":9,"column":70}},"5":{"start":{"line":10,"column":0},"end":{"line":10,"column":73}},"6":{"start":{"line":13,"column":0},"end":{"line":13,"column":71}},"7":{"start":{"line":14,"column":0},"end":{"line":14,"column":73}},"8":{"start":{"line":15,"column":0},"end":{"line":15,"column":76}},"9":{"start":{"line":17,"column":0},"end":{"line":17,"column":24}}},"fnMap":{},"branchMap":{},"s":{"0":3,"1":3,"2":3,"3":3,"4":3,"5":3,"6":3,"7":3,"8":3,"9":3},"f":{},"b":{},"_coverageSchema":"1a1c01bbd47fc00a2c39e90264f33305004495a9","hash":"ab4f7e43d3e5926bd6e97257b64a068dc15a0e7f"}
,"C:\\Users\\HiroUzu\\Documents\\Septimo Semestre\\logisticpro\\server\\src\\routes\\drivers.js": {"path":"C:\\Users\\HiroUzu\\Documents\\Septimo Semestre\\logisticpro\\server\\src\\routes\\drivers.js","statementMap":{"0":{"start":{"line":2,"column":16},"end":{"line":2,"column":34}},"1":{"start":{"line":3,"column":15},"end":{"line":3,"column":31}},"2":{"start":{"line":4,"column":17},"end":{"line":4,"column":44}},"3":{"start":{"line":5,"column":46},"end":{"line":5,"column":85}},"4":{"start":{"line":8,"column":0},"end":{"line":15,"column":3}},"5":{"start":{"line":9,"column":2},"end":{"line":14,"column":3}},"6":{"start":{"line":10,"column":19},"end":{"line":10,"column":76}},"7":{"start":{"line":11,"column":4},"end":{"line":11,"column":26}},"8":{"start":{"line":13,"column":4},"end":{"line":13,"column":49}},"9":{"start":{"line":19,"column":0},"end":{"line":34,"column":3}},"10":{"start":{"line":20,"column":2},"end":{"line":33,"column":3}},"11":{"start":{"line":22,"column":44},"end":{"line":22,"column":52}},"12":{"start":{"line":25,"column":19},"end":{"line":28,"column":5}},"13":{"start":{"line":29,"column":4},"end":{"line":29,"column":29}},"14":{"start":{"line":31,"column":4},"end":{"line":31,"column":51}},"15":{"start":{"line":32,"column":4},"end":{"line":32,"column":49}},"16":{"start":{"line":38,"column":0},"end":{"line":56,"column":3}},"17":{"start":{"line":39,"column":2},"end":{"line":55,"column":3}},"18":{"start":{"line":40,"column":19},"end":{"line":40,"column":29}},"19":{"start":{"line":41,"column":44},"end":{"line":41,"column":52}},"20":{"start":{"line":43,"column":19},"end":{"line":46,"column":5}},"21":{"start":{"line":48,"column":4},"end":{"line":50,"column":5}},"22":{"start":{"line":49,"column":6},"end":{"line":49,"column":72}},"23":{"start":{"line":51,"column":4},"end":{"line":51,"column":29}},"24":{"start":{"line":53,"column":4},"end":{"line":53,"column":52}},"25":{"start":{"line":54,"column":4},"end":{"line":54,"column":49}},"26":{"start":{"line":60,"column":0},"end":{"line":73,"column":3}},"27":{"start":{"line":61,"column":2},"end":{"line":72,"column":3}},"28":{"start":{"line":62,"column":19},"end":{"line":62,"column":29}},"29":{"start":{"line":63,"column":19},"end":{"line":63,"column":90}},"30":{"start":{"line":65,"column":4},"end":{"line":67,"column":5}},"31":{"start":{"line":66,"column":6},"end":{"line":66,"column":72}},"32":{"start":{"line":68,"column":4},"end":{"line":68,"column":59}},"33":{"start":{"line":70,"column":4},"end":{"line":70,"column":54}},"34":{"start":{"line":71,"column":4},"end":{"line":71,"column":49}},"35":{"start":{"line":75,"column":0},"end":{"line":75,"column":24}}},"fnMap":{"0":{"name":"(anonymous_0)","decl":{"start":{"line":8,"column":51},"end":{"line":8,"column":52}},"loc":{"start":{"line":8,"column":71},"end":{"line":15,"column":1}},"line":8},"1":{"name":"(anonymous_1)","decl":{"start":{"line":19,"column":52},"end":{"line":19,"column":53}},"loc":{"start":{"line":19,"column":72},"end":{"line":34,"column":1}},"line":19},"2":{"name":"(anonymous_2)","decl":{"start":{"line":38,"column":54},"end":{"line":38,"column":55}},"loc":{"start":{"line":38,"column":74},"end":{"line":56,"column":1}},"line":38},"3":{"name":"(anonymous_3)","decl":{"start":{"line":60,"column":57},"end":{"line":60,"column":58}},"loc":{"start":{"line":60,"column":77},"end":{"line":73,"column":1}},"line":60}},"branchMap":{"0":{"loc":{"start":{"line":48,"column":4},"end":{"line":50,"column":5}},"type":"if","locations":[{"start":{"line":48,"column":4},"end":{"line":50,"column":5}},{"start":{},"end":{}}],"line":48},"1":{"loc":{"start":{"line":65,"column":4},"end":{"line":67,"column":5}},"type":"if","locations":[{"start":{"line":65,"column":4},"end":{"line":67,"column":5}},{"start":{},"end":{}}],"line":65}},"s":{"0":3,"1":3,"2":3,"3":3,"4":3,"5":1,"6":1,"7":1,"8":0,"9":3,"10":1,"11":1,"12":1,"13":1,"14":0,"15":0,"16":3,"17":2,"18":2,"19":2,"20":2,"21":2,"22":1,"23":1,"24":0,"25":0,"26":3,"27":2,"28":2,"29":2,"30":2,"31":1,"32":1,"33":0,"34":0,"35":3},"f":{"0":1,"1":1,"2":2,"3":2},"b":{"0":[1,1],"1":[1,1]},"_coverageSchema":"1a1c01bbd47fc00a2c39e90264f33305004495a9","hash":"10c94c4ea4f294c4a6c4abc6255ea60ec879ff5e"}
,"C:\\Users\\HiroUzu\\Documents\\Septimo Semestre\\logisticpro\\server\\src\\routes\\orders.js": {"path":"C:\\Users\\HiroUzu\\Documents\\Septimo Semestre\\logisticpro\\server\\src\\routes\\orders.js","statementMap":{"0":{"start":{"line":2,"column":16},"end":{"line":2,"column":34}},"1":{"start":{"line":3,"column":15},"end":{"line":3,"column":31}},"2":{"start":{"line":4,"column":13},"end":{"line":4,"column":55}},"3":{"start":{"line":5,"column":61},"end":{"line":5,"column":100}},"4":{"start":{"line":9,"column":0},"end":{"line":9,"column":69}},"5":{"start":{"line":10,"column":0},"end":{"line":10,"column":72}},"6":{"start":{"line":13,"column":0},"end":{"line":13,"column":70}},"7":{"start":{"line":14,"column":0},"end":{"line":14,"column":72}},"8":{"start":{"line":15,"column":0},"end":{"line":15,"column":75}},"9":{"start":{"line":17,"column":0},"end":{"line":17,"column":24}}},"fnMap":{},"branchMap":{},"s":{"0":3,"1":3,"2":3,"3":3,"4":3,"5":3,"6":3,"7":3,"8":3,"9":3},"f":{},"b":{},"_coverageSchema":"1a1c01bbd47fc00a2c39e90264f33305004495a9","hash":"e13fff0ce212a358f75b47e4fa9f0a83b9d3f5a8"}
,"C:\\Users\\HiroUzu\\Documents\\Septimo Semestre\\logisticpro\\server\\src\\routes\\users.js": {"path":"C:\\Users\\HiroUzu\\Documents\\Septimo Semestre\\logisticpro\\server\\src\\routes\\users.js","statementMap":{"0":{"start":{"line":2,"column":16},"end":{"line":2,"column":34}},"1":{"start":{"line":3,"column":15},"end":{"line":3,"column":31}},"2":{"start":{"line":4,"column":18},"end":{"line":4,"column":59}},"3":{"start":{"line":5,"column":46},"end":{"line":5,"column":85}},"4":{"start":{"line":8,"column":0},"end":{"line":8,"column":74}},"5":{"start":{"line":9,"column":0},"end":{"line":9,"column":77}},"6":{"start":{"line":10,"column":0},"end":{"line":10,"column":74}},"7":{"start":{"line":11,"column":0},"end":{"line":11,"column":76}},"8":{"start":{"line":12,"column":0},"end":{"line":12,"column":79}},"9":{"start":{"line":14,"column":0},"end":{"line":14,"column":24}}},"fnMap":{},"branchMap":{},"s":{"0":3,"1":3,"2":3,"3":3,"4":3,"5":3,"6":3,"7":3,"8":3,"9":3},"f":{},"b":{},"_coverageSchema":"1a1c01bbd47fc00a2c39e90264f33305004495a9","hash":"af2dcf39ac33113b86c71cbc06a9911b5466604a"}
,"C:\\Users\\HiroUzu\\Documents\\Septimo Semestre\\logisticpro\\server\\src\\routes\\vehicles.js": {"path":"C:\\Users\\HiroUzu\\Documents\\Septimo Semestre\\logisticpro\\server\\src\\routes\\vehicles.js","statementMap":{"0":{"start":{"line":2,"column":16},"end":{"line":2,"column":34}},"1":{"start":{"line":3,"column":15},"end":{"line":3,"column":31}},"2":{"start":{"line":4,"column":17},"end":{"line":4,"column":44}},"3":{"start":{"line":5,"column":46},"end":{"line":5,"column":85}},"4":{"start":{"line":8,"column":0},"end":{"line":15,"column":3}},"5":{"start":{"line":9,"column":2},"end":{"line":14,"column":3}},"6":{"start":{"line":10,"column":19},"end":{"line":10,"column":77}},"7":{"start":{"line":11,"column":4},"end":{"line":11,"column":26}},"8":{"start":{"line":13,"column":4},"end":{"line":13,"column":49}},"9":{"start":{"line":18,"column":0},"end":{"line":30,"column":3}},"10":{"start":{"line":19,"column":2},"end":{"line":29,"column":3}},"11":{"start":{"line":20,"column":47},"end":{"line":20,"column":55}},"12":{"start":{"line":21,"column":19},"end":{"line":25,"column":5}},"13":{"start":{"line":26,"column":4},"end":{"line":26,"column":29}},"14":{"start":{"line":28,"column":4},"end":{"line":28,"column":49}},"15":{"start":{"line":33,"column":0},"end":{"line":50,"column":3}},"16":{"start":{"line":34,"column":2},"end":{"line":49,"column":3}},"17":{"start":{"line":35,"column":19},"end":{"line":35,"column":29}},"18":{"start":{"line":36,"column":47},"end":{"line":36,"column":55}},"19":{"start":{"line":38,"column":19},"end":{"line":41,"column":5}},"20":{"start":{"line":43,"column":4},"end":{"line":45,"column":5}},"21":{"start":{"line":44,"column":6},"end":{"line":44,"column":71}},"22":{"start":{"line":46,"column":4},"end":{"line":46,"column":29}},"23":{"start":{"line":48,"column":4},"end":{"line":48,"column":49}},"24":{"start":{"line":53,"column":0},"end":{"line":65,"column":3}},"25":{"start":{"line":54,"column":2},"end":{"line":64,"column":3}},"26":{"start":{"line":55,"column":19},"end":{"line":55,"column":29}},"27":{"start":{"line":56,"column":19},"end":{"line":56,"column":91}},"28":{"start":{"line":58,"column":4},"end":{"line":60,"column":5}},"29":{"start":{"line":59,"column":6},"end":{"line":59,"column":71}},"30":{"start":{"line":61,"column":4},"end":{"line":61,"column":58}},"31":{"start":{"line":63,"column":4},"end":{"line":63,"column":49}},"32":{"start":{"line":67,"column":0},"end":{"line":67,"column":24}}},"fnMap":{"0":{"name":"(anonymous_0)","decl":{"start":{"line":8,"column":51},"end":{"line":8,"column":52}},"loc":{"start":{"line":8,"column":71},"end":{"line":15,"column":1}},"line":8},"1":{"name":"(anonymous_1)","decl":{"start":{"line":18,"column":52},"end":{"line":18,"column":53}},"loc":{"start":{"line":18,"column":72},"end":{"line":30,"column":1}},"line":18},"2":{"name":"(anonymous_2)","decl":{"start":{"line":33,"column":54},"end":{"line":33,"column":55}},"loc":{"start":{"line":33,"column":74},"end":{"line":50,"column":1}},"line":33},"3":{"name":"(anonymous_3)","decl":{"start":{"line":53,"column":57},"end":{"line":53,"column":58}},"loc":{"start":{"line":53,"column":77},"end":{"line":65,"column":1}},"line":53}},"branchMap":{"0":{"loc":{"start":{"line":24,"column":31},"end":{"line":24,"column":52}},"type":"binary-expr","locations":[{"start":{"line":24,"column":31},"end":{"line":24,"column":37}},{"start":{"line":24,"column":41},"end":{"line":24,"column":52}}],"line":24},"1":{"loc":{"start":{"line":40,"column":31},"end":{"line":40,"column":52}},"type":"binary-expr","locations":[{"start":{"line":40,"column":31},"end":{"line":40,"column":37}},{"start":{"line":40,"column":41},"end":{"line":40,"column":52}}],"line":40},"2":{"loc":{"start":{"line":43,"column":4},"end":{"line":45,"column":5}},"type":"if","locations":[{"start":{"line":43,"column":4},"end":{"line":45,"column":5}},{"start":{},"end":{}}],"line":43},"3":{"loc":{"start":{"line":58,"column":4},"end":{"line":60,"column":5}},"type":"if","locations":[{"start":{"line":58,"column":4},"end":{"line":60,"column":5}},{"start":{},"end":{}}],"line":58}},"s":{"0":3,"1":3,"2":3,"3":3,"4":3,"5":1,"6":1,"7":1,"8":0,"9":3,"10":1,"11":1,"12":1,"13":1,"14":0,"15":3,"16":2,"17":2,"18":2,"19":2,"20":2,"21":1,"22":1,"23":0,"24":3,"25":2,"26":2,"27":2,"28":2,"29":1,"30":1,"31":0,"32":3},"f":{"0":1,"1":1,"2":2,"3":2},"b":{"0":[1,0],"1":[2,1],"2":[1,1],"3":[1,1]},"_coverageSchema":"1a1c01bbd47fc00a2c39e90264f33305004495a9","hash":"738ee7e9d7d3a24fda947b87ca62f7feb0b0f899"}
,"C:\\Users\\HiroUzu\\Documents\\Septimo Semestre\\logisticpro\\server\\src\\routes\\warehouses.js": {"path":"C:\\Users\\HiroUzu\\Documents\\Septimo Semestre\\logisticpro\\server\\src\\routes\\warehouses.js","statementMap":{"0":{"start":{"line":2,"column":16},"end":{"line":2,"column":34}},"1":{"start":{"line":3,"column":17},"end":{"line":3,"column":44}},"2":{"start":{"line":4,"column":15},"end":{"line":4,"column":31}},"3":{"start":{"line":5,"column":46},"end":{"line":5,"column":85}},"4":{"start":{"line":8,"column":0},"end":{"line":16,"column":3}},"5":{"start":{"line":9,"column":2},"end":{"line":15,"column":3}},"6":{"start":{"line":10,"column":19},"end":{"line":10,"column":80}},"7":{"start":{"line":11,"column":4},"end":{"line":11,"column":26}},"8":{"start":{"line":13,"column":4},"end":{"line":13,"column":23}},"9":{"start":{"line":14,"column":4},"end":{"line":14,"column":66}},"10":{"start":{"line":19,"column":0},"end":{"line":32,"column":3}},"11":{"start":{"line":20,"column":56},"end":{"line":20,"column":64}},"12":{"start":{"line":21,"column":2},"end":{"line":31,"column":3}},"13":{"start":{"line":22,"column":19},"end":{"line":26,"column":5}},"14":{"start":{"line":27,"column":4},"end":{"line":27,"column":29}},"15":{"start":{"line":29,"column":4},"end":{"line":29,"column":23}},"16":{"start":{"line":30,"column":4},"end":{"line":30,"column":62}},"17":{"start":{"line":35,"column":0},"end":{"line":54,"column":3}},"18":{"start":{"line":36,"column":17},"end":{"line":36,"column":27}},"19":{"start":{"line":37,"column":56},"end":{"line":37,"column":64}},"20":{"start":{"line":38,"column":2},"end":{"line":53,"column":3}},"21":{"start":{"line":39,"column":19},"end":{"line":45,"column":5}},"22":{"start":{"line":46,"column":4},"end":{"line":48,"column":5}},"23":{"start":{"line":47,"column":6},"end":{"line":47,"column":70}},"24":{"start":{"line":49,"column":4},"end":{"line":49,"column":29}},"25":{"start":{"line":51,"column":4},"end":{"line":51,"column":23}},"26":{"start":{"line":52,"column":4},"end":{"line":52,"column":63}},"27":{"start":{"line":57,"column":0},"end":{"line":72,"column":3}},"28":{"start":{"line":58,"column":17},"end":{"line":58,"column":27}},"29":{"start":{"line":59,"column":2},"end":{"line":71,"column":3}},"30":{"start":{"line":60,"column":19},"end":{"line":63,"column":5}},"31":{"start":{"line":64,"column":4},"end":{"line":66,"column":5}},"32":{"start":{"line":65,"column":6},"end":{"line":65,"column":70}},"33":{"start":{"line":67,"column":4},"end":{"line":67,"column":27}},"34":{"start":{"line":69,"column":4},"end":{"line":69,"column":23}},"35":{"start":{"line":70,"column":4},"end":{"line":70,"column":65}},"36":{"start":{"line":74,"column":0},"end":{"line":74,"column":24}}},"fnMap":{"0":{"name":"(anonymous_0)","decl":{"start":{"line":8,"column":51},"end":{"line":8,"column":52}},"loc":{"start":{"line":8,"column":71},"end":{"line":16,"column":1}},"line":8},"1":{"name":"(anonymous_1)","decl":{"start":{"line":19,"column":52},"end":{"line":19,"column":53}},"loc":{"start":{"line":19,"column":72},"end":{"line":32,"column":1}},"line":19},"2":{"name":"(anonymous_2)","decl":{"start":{"line":35,"column":54},"end":{"line":35,"column":55}},"loc":{"start":{"line":35,"column":74},"end":{"line":54,"column":1}},"line":35},"3":{"name":"(anonymous_3)","decl":{"start":{"line":57,"column":57},"end":{"line":57,"column":58}},"loc":{"start":{"line":57,"column":77},"end":{"line":72,"column":1}},"line":57}},"branchMap":{"0":{"loc":{"start":{"line":25,"column":23},"end":{"line":25,"column":36}},"type":"binary-expr","locations":[{"start":{"line":25,"column":23},"end":{"line":25,"column":31}},{"start":{"line":25,"column":35},"end":{"line":25,"column":36}}],"line":25},"1":{"loc":{"start":{"line":25,"column":47},"end":{"line":25,"column":65}},"type":"binary-expr","locations":[{"start":{"line":25,"column":47},"end":{"line":25,"column":53}},{"start":{"line":25,"column":57},"end":{"line":25,"column":65}}],"line":25},"2":{"loc":{"start":{"line":44,"column":23},"end":{"line":44,"column":36}},"type":"binary-expr","locations":[{"start":{"line":44,"column":23},"end":{"line":44,"column":31}},{"start":{"line":44,"column":35},"end":{"line":44,"column":36}}],"line":44},"3":{"loc":{"start":{"line":44,"column":47},"end":{"line":44,"column":65}},"type":"binary-expr","locations":[{"start":{"line":44,"column":47},"end":{"line":44,"column":53}},{"start":{"line":44,"column":57},"end":{"line":44,"column":65}}],"line":44},"4":{"loc":{"start":{"line":46,"column":4},"end":{"line":48,"column":5}},"type":"if","locations":[{"start":{"line":46,"column":4},"end":{"line":48,"column":5}},{"start":{},"end":{}}],"line":46},"5":{"loc":{"start":{"line":64,"column":4},"end":{"line":66,"column":5}},"type":"if","locations":[{"start":{"line":64,"column":4},"end":{"line":66,"column":5}},{"start":{},"end":{}}],"line":64}},"s":{"0":3,"1":3,"2":3,"3":3,"4":3,"5":1,"6":1,"7":1,"8":0,"9":0,"10":3,"11":1,"12":1,"13":1,"14":1,"15":0,"16":0,"17":3,"18":2,"19":2,"20":2,"21":2,"22":2,"23":1,"24":1,"25":0,"26":0,"27":3,"28":2,"29":2,"30":2,"31":2,"32":1,"33":1,"34":0,"35":0,"36":3},"f":{"0":1,"1":1,"2":2,"3":2},"b":{"0":[1,0],"1":[1,1],"2":[2,1],"3":[2,1],"4":[1,1],"5":[1,1]},"_coverageSchema":"1a1c01bbd47fc00a2c39e90264f33305004495a9","hash":"b4e9fdaa4312efffc6e52e5a99ef036cf3bb47ef"}
}
