TN:
SF:server.js
FN:29,(anonymous_0)
FN:41,(anonymous_1)
FN:54,(anonymous_2)
FNF:3
FNH:0
FNDA:0,(anonymous_0)
FNDA:0,(anonymous_1)
FNDA:0,(anonymous_2)
DA:2,3
DA:3,3
DA:4,3
DA:5,3
DA:7,3
DA:8,3
DA:10,3
DA:21,3
DA:22,3
DA:23,3
DA:24,3
DA:25,3
DA:26,3
DA:27,3
DA:29,3
DA:30,0
DA:33,3
DA:34,3
DA:35,3
DA:36,3
DA:37,3
DA:38,3
DA:39,3
DA:41,3
DA:42,0
DA:43,0
DA:44,0
DA:46,0
DA:50,3
DA:52,3
DA:53,0
DA:54,0
LF:32
LH:25
BRDA:52,0,0,0
BRDA:52,0,1,3
BRDA:53,1,0,0
BRDA:53,1,1,0
BRF:4
BRH:1
end_of_record
TN:
SF:src\controllers\authController.js
FN:10,safeUserRow
FN:18,(anonymous_1)
FN:57,(anonymous_2)
FN:96,(anonymous_3)
FNF:4
FNH:4
FNDA:1,safeUserRow
FNDA:2,(anonymous_1)
FNDA:2,(anonymous_2)
FNDA:2,(anonymous_3)
DA:2,4
DA:3,4
DA:4,4
DA:6,4
DA:7,4
DA:11,1
DA:12,1
DA:13,1
DA:16,4
DA:19,2
DA:21,2
DA:22,2
DA:25,2
DA:26,2
DA:28,1
DA:29,1
DA:32,1
DA:38,1
DA:39,1
DA:40,1
DA:43,1
DA:49,1
DA:51,0
DA:52,0
DA:58,2
DA:59,2
DA:60,2
DA:63,2
DA:64,2
DA:65,2
DA:67,2
DA:68,2
DA:71,1
DA:74,1
DA:77,1
DA:84,1
DA:90,0
DA:91,0
DA:97,2
DA:98,2
DA:99,2
DA:102,2
DA:106,2
DA:108,2
DA:109,1
DA:112,0
DA:113,0
LF:47
LH:41
BRDA:6,0,0,4
BRDA:6,0,1,1
BRDA:7,1,0,4
BRDA:7,1,1,1
BRDA:11,2,0,0
BRDA:11,2,1,1
BRDA:22,3,0,0
BRDA:22,3,1,2
BRDA:22,4,0,2
BRDA:22,4,1,2
BRDA:22,4,2,2
BRDA:26,5,0,1
BRDA:26,5,1,1
BRDA:38,6,0,1
BRDA:38,6,1,1
BRDA:60,7,0,0
BRDA:60,7,1,2
BRDA:60,8,0,2
BRDA:60,8,1,2
BRDA:65,9,0,0
BRDA:65,9,1,2
BRDA:67,10,0,2
BRDA:67,10,1,0
BRDA:68,11,0,1
BRDA:68,11,1,1
BRDA:99,12,0,0
BRDA:99,12,1,2
BRDA:108,13,0,1
BRDA:108,13,1,1
BRF:29
BRH:23
end_of_record
TN:
SF:src\controllers\clientsController.js
FN:4,(anonymous_0)
FN:7,(anonymous_1)
FN:17,(anonymous_2)
FN:30,(anonymous_3)
FN:45,(anonymous_4)
FN:73,(anonymous_5)
FNF:6
FNH:6
FNDA:2,(anonymous_0)
FNDA:1,(anonymous_1)
FNDA:3,(anonymous_2)
FNDA:1,(anonymous_3)
FNDA:1,(anonymous_4)
FNDA:1,(anonymous_5)
DA:2,4
DA:4,4
DA:6,4
DA:8,1
DA:9,1
DA:10,1
DA:12,0
DA:13,0
DA:18,3
DA:19,3
DA:20,2
DA:21,2
DA:22,2
DA:23,1
DA:25,0
DA:26,0
DA:31,1
DA:32,1
DA:33,1
DA:34,1
DA:36,1
DA:37,1
DA:38,1
DA:40,0
DA:41,0
DA:46,1
DA:47,1
DA:49,1
DA:50,1
DA:51,1
DA:52,1
DA:53,1
DA:54,1
DA:55,1
DA:56,1
DA:58,1
DA:60,1
DA:61,1
DA:63,1
DA:64,1
DA:65,1
DA:66,1
DA:68,0
DA:69,0
DA:74,1
DA:75,1
DA:76,1
DA:77,1
DA:78,1
DA:79,1
DA:81,0
DA:82,0
LF:52
LH:42
BRDA:4,0,0,2
BRDA:4,0,1,2
BRDA:19,1,0,1
BRDA:19,1,1,2
BRDA:22,2,0,1
BRDA:22,2,1,1
BRDA:32,3,0,0
BRDA:32,3,1,1
BRDA:36,4,0,1
BRDA:36,4,1,0
BRDA:36,5,0,1
BRDA:36,5,1,1
BRDA:36,6,0,1
BRDA:36,6,1,1
BRDA:47,7,0,0
BRDA:47,7,1,1
BRDA:53,8,0,1
BRDA:53,8,1,0
BRDA:53,9,0,1
BRDA:53,9,1,1
BRDA:54,10,0,0
BRDA:54,10,1,1
BRDA:55,11,0,0
BRDA:55,11,1,1
BRDA:56,12,0,0
BRDA:56,12,1,1
BRDA:58,13,0,0
BRDA:58,13,1,1
BRDA:65,14,0,0
BRDA:65,14,1,1
BRDA:75,15,0,0
BRDA:75,15,1,1
BRDA:78,16,0,0
BRDA:78,16,1,1
BRF:34
BRH:23
end_of_record
TN:
SF:src\controllers\ordersController.js
FN:4,(anonymous_0)
FN:7,(anonymous_1)
FN:24,(anonymous_2)
FN:38,(anonymous_3)
FN:82,(anonymous_4)
FN:118,(anonymous_5)
FNF:6
FNH:6
FNDA:3,(anonymous_0)
FNDA:1,(anonymous_1)
FNDA:3,(anonymous_2)
FNDA:1,(anonymous_3)
FNDA:1,(anonymous_4)
FNDA:1,(anonymous_5)
DA:2,4
DA:4,4
DA:6,4
DA:8,1
DA:9,1
DA:17,1
DA:19,0
DA:20,0
DA:25,3
DA:26,3
DA:28,2
DA:29,2
DA:30,2
DA:31,1
DA:33,0
DA:34,0
DA:39,1
DA:40,1
DA:41,0
DA:44,1
DA:45,1
DA:47,1
DA:48,1
DA:50,1
DA:51,1
DA:53,1
DA:54,0
DA:55,0
DA:59,1
DA:60,1
DA:63,1
DA:73,1
DA:74,1
DA:76,0
DA:77,0
DA:78,0
DA:83,1
DA:84,1
DA:86,1
DA:87,1
DA:88,1
DA:89,1
DA:91,1
DA:92,1
DA:93,1
DA:94,1
DA:95,1
DA:96,1
DA:97,1
DA:98,1
DA:99,1
DA:100,1
DA:102,1
DA:104,1
DA:105,1
DA:107,1
DA:108,1
DA:109,1
DA:110,1
DA:112,0
DA:113,0
DA:114,0
DA:119,1
DA:120,1
DA:122,1
DA:123,1
DA:124,1
DA:125,1
DA:127,0
DA:128,0
LF:70
LH:55
BRDA:4,0,0,3
BRDA:4,0,1,3
BRDA:26,1,0,1
BRDA:26,1,1,2
BRDA:30,2,0,1
BRDA:30,2,1,1
BRDA:40,3,0,0
BRDA:40,3,1,1
BRDA:40,4,0,1
BRDA:40,4,1,1
BRDA:40,4,2,1
BRDA:44,5,0,1
BRDA:44,5,1,0
BRDA:45,6,0,0
BRDA:45,6,1,1
BRDA:47,7,0,1
BRDA:47,7,1,0
BRDA:48,8,0,0
BRDA:48,8,1,1
BRDA:50,9,0,1
BRDA:50,9,1,0
BRDA:51,10,0,0
BRDA:51,10,1,1
BRDA:51,11,0,1
BRDA:51,11,1,1
BRDA:53,12,0,0
BRDA:53,12,1,1
BRDA:55,13,0,0
BRDA:55,13,1,0
BRDA:68,14,0,0
BRDA:68,14,1,1
BRDA:71,15,0,1
BRDA:71,15,1,1
BRDA:77,16,0,0
BRDA:77,16,1,0
BRDA:84,17,0,0
BRDA:84,17,1,1
BRDA:91,18,0,0
BRDA:91,18,1,1
BRDA:91,19,0,1
BRDA:91,19,1,0
BRDA:92,20,0,0
BRDA:92,20,1,1
BRDA:93,21,0,0
BRDA:93,21,1,1
BRDA:94,22,0,0
BRDA:94,22,1,1
BRDA:95,23,0,0
BRDA:95,23,1,1
BRDA:96,24,0,1
BRDA:96,24,1,0
BRDA:97,25,0,0
BRDA:97,25,1,1
BRDA:98,26,0,0
BRDA:98,26,1,1
BRDA:99,27,0,0
BRDA:99,27,1,1
BRDA:100,28,0,0
BRDA:100,28,1,1
BRDA:102,29,0,0
BRDA:102,29,1,1
BRDA:109,30,0,0
BRDA:109,30,1,1
BRDA:113,31,0,0
BRDA:113,31,1,0
BRDA:120,32,0,0
BRDA:120,32,1,1
BRDA:124,33,0,0
BRDA:124,33,1,1
BRF:69
BRH:38
end_of_record
TN:
SF:src\controllers\usersController.js
FN:5,isValidEmail
FN:8,isNonEmptyString
FN:14,(anonymous_2)
FN:25,(anonymous_3)
FN:40,(anonymous_4)
FN:61,(anonymous_5)
FN:93,(anonymous_6)
FNF:7
FNH:7
FNDA:1,isValidEmail
FNDA:2,isNonEmptyString
FNDA:1,(anonymous_2)
FNDA:2,(anonymous_3)
FNDA:1,(anonymous_4)
FNDA:1,(anonymous_5)
FNDA:1,(anonymous_6)
DA:2,4
DA:6,1
DA:9,2
DA:12,4
DA:15,1
DA:16,1
DA:17,1
DA:19,0
DA:20,0
DA:26,2
DA:27,2
DA:29,2
DA:30,2
DA:31,2
DA:32,1
DA:34,0
DA:35,0
DA:41,1
DA:42,1
DA:43,1
DA:45,1
DA:46,1
DA:47,1
DA:48,1
DA:49,1
DA:51,0
DA:53,0
DA:54,0
DA:56,0
DA:62,1
DA:63,1
DA:65,1
DA:66,1
DA:69,1
DA:70,1
DA:71,1
DA:72,1
DA:73,1
DA:74,1
DA:76,1
DA:78,1
DA:79,1
DA:81,1
DA:82,1
DA:83,1
DA:84,1
DA:86,0
DA:87,0
DA:88,0
DA:94,1
DA:95,1
DA:97,1
DA:98,1
DA:99,1
DA:100,1
DA:102,0
DA:103,0
LF:57
LH:44
BRDA:6,0,0,1
BRDA:6,0,1,1
BRDA:9,1,0,2
BRDA:9,1,1,2
BRDA:27,2,0,0
BRDA:27,2,1,2
BRDA:27,3,0,2
BRDA:27,3,1,2
BRDA:31,4,0,1
BRDA:31,4,1,1
BRDA:42,5,0,0
BRDA:42,5,1,1
BRDA:43,6,0,0
BRDA:43,6,1,1
BRDA:47,7,0,0
BRDA:47,7,1,1
BRDA:47,8,0,1
BRDA:47,8,1,0
BRDA:53,9,0,0
BRDA:53,9,1,0
BRDA:63,10,0,0
BRDA:63,10,1,1
BRDA:63,11,0,1
BRDA:63,11,1,1
BRDA:66,12,0,0
BRDA:66,12,1,1
BRDA:66,13,0,1
BRDA:66,13,1,0
BRDA:72,14,0,1
BRDA:72,14,1,0
BRDA:72,15,0,1
BRDA:72,15,1,1
BRDA:73,16,0,0
BRDA:73,16,1,1
BRDA:74,17,0,0
BRDA:74,17,1,1
BRDA:74,18,0,1
BRDA:74,18,1,0
BRDA:76,19,0,0
BRDA:76,19,1,1
BRDA:83,20,0,0
BRDA:83,20,1,1
BRDA:87,21,0,0
BRDA:87,21,1,0
BRDA:95,22,0,0
BRDA:95,22,1,1
BRDA:95,23,0,1
BRDA:95,23,1,1
BRDA:99,24,0,0
BRDA:99,24,1,1
BRF:50
BRH:30
end_of_record
TN:
SF:src\routes\auth.js
FNF:0
FNH:0
DA:2,3
DA:3,3
DA:4,3
DA:5,3
DA:7,3
DA:8,3
DA:9,3
DA:10,3
LF:8
LH:8
BRF:0
BRH:0
end_of_record
TN:
SF:src\routes\clients.js
FNF:0
FNH:0
DA:2,3
DA:3,3
DA:4,3
DA:5,3
DA:9,3
DA:10,3
DA:13,3
DA:14,3
DA:15,3
DA:17,3
LF:10
LH:10
BRF:0
BRH:0
end_of_record
TN:
SF:src\routes\drivers.js
FN:8,(anonymous_0)
FN:19,(anonymous_1)
FN:38,(anonymous_2)
FN:60,(anonymous_3)
FNF:4
FNH:4
FNDA:1,(anonymous_0)
FNDA:1,(anonymous_1)
FNDA:2,(anonymous_2)
FNDA:2,(anonymous_3)
DA:2,3
DA:3,3
DA:4,3
DA:5,3
DA:8,3
DA:9,1
DA:10,1
DA:11,1
DA:13,0
DA:19,3
DA:20,1
DA:22,1
DA:25,1
DA:29,1
DA:31,0
DA:32,0
DA:38,3
DA:39,2
DA:40,2
DA:41,2
DA:43,2
DA:48,2
DA:49,1
DA:51,1
DA:53,0
DA:54,0
DA:60,3
DA:61,2
DA:62,2
DA:63,2
DA:65,2
DA:66,1
DA:68,1
DA:70,0
DA:71,0
DA:75,3
LF:36
LH:29
BRDA:48,0,0,1
BRDA:48,0,1,1
BRDA:65,1,0,1
BRDA:65,1,1,1
BRF:4
BRH:4
end_of_record
TN:
SF:src\routes\orders.js
FNF:0
FNH:0
DA:2,3
DA:3,3
DA:4,3
DA:5,3
DA:9,3
DA:10,3
DA:13,3
DA:14,3
DA:15,3
DA:17,3
LF:10
LH:10
BRF:0
BRH:0
end_of_record
TN:
SF:src\routes\users.js
FNF:0
FNH:0
DA:2,3
DA:3,3
DA:4,3
DA:5,3
DA:8,3
DA:9,3
DA:10,3
DA:11,3
DA:12,3
DA:14,3
LF:10
LH:10
BRF:0
BRH:0
end_of_record
TN:
SF:src\routes\vehicles.js
FN:8,(anonymous_0)
FN:18,(anonymous_1)
FN:33,(anonymous_2)
FN:53,(anonymous_3)
FNF:4
FNH:4
FNDA:1,(anonymous_0)
FNDA:1,(anonymous_1)
FNDA:2,(anonymous_2)
FNDA:2,(anonymous_3)
DA:2,3
DA:3,3
DA:4,3
DA:5,3
DA:8,3
DA:9,1
DA:10,1
DA:11,1
DA:13,0
DA:18,3
DA:19,1
DA:20,1
DA:21,1
DA:26,1
DA:28,0
DA:33,3
DA:34,2
DA:35,2
DA:36,2
DA:38,2
DA:43,2
DA:44,1
DA:46,1
DA:48,0
DA:53,3
DA:54,2
DA:55,2
DA:56,2
DA:58,2
DA:59,1
DA:61,1
DA:63,0
DA:67,3
LF:33
LH:29
BRDA:24,0,0,1
BRDA:24,0,1,0
BRDA:40,1,0,2
BRDA:40,1,1,1
BRDA:43,2,0,1
BRDA:43,2,1,1
BRDA:58,3,0,1
BRDA:58,3,1,1
BRF:8
BRH:7
end_of_record
TN:
SF:src\routes\warehouses.js
FN:8,(anonymous_0)
FN:19,(anonymous_1)
FN:35,(anonymous_2)
FN:57,(anonymous_3)
FNF:4
FNH:4
FNDA:1,(anonymous_0)
FNDA:1,(anonymous_1)
FNDA:2,(anonymous_2)
FNDA:2,(anonymous_3)
DA:2,3
DA:3,3
DA:4,3
DA:5,3
DA:8,3
DA:9,1
DA:10,1
DA:11,1
DA:13,0
DA:14,0
DA:19,3
DA:20,1
DA:21,1
DA:22,1
DA:27,1
DA:29,0
DA:30,0
DA:35,3
DA:36,2
DA:37,2
DA:38,2
DA:39,2
DA:46,2
DA:47,1
DA:49,1
DA:51,0
DA:52,0
DA:57,3
DA:58,2
DA:59,2
DA:60,2
DA:64,2
DA:65,1
DA:67,1
DA:69,0
DA:70,0
DA:74,3
LF:37
LH:29
BRDA:25,0,0,1
BRDA:25,0,1,0
BRDA:25,1,0,1
BRDA:25,1,1,1
BRDA:44,2,0,2
BRDA:44,2,1,1
BRDA:44,3,0,2
BRDA:44,3,1,1
BRDA:46,4,0,1
BRDA:46,4,1,1
BRDA:64,5,0,1
BRDA:64,5,1,1
BRF:12
BRH:11
end_of_record
