<?xml version="1.0" encoding="UTF-8"?>
<coverage generated="1763077019527" clover="3.2.0">
  <project timestamp="1763077019527" name="All files">
    <metrics statements="20" coveredstatements="17" conditionals="2" coveredconditionals="1" methods="5" coveredmethods="4" elements="27" coveredelements="22" complexity="0" loc="20" ncloc="20" packages="2" files="2" classes="2"/>
    <package name="pages">
      <metrics statements="20" coveredstatements="17" conditionals="2" coveredconditionals="1" methods="5" coveredmethods="4"/>
      <file name="login.jsx" path="C:\Users\HiroUzu\Documents\Septimo Semestre\logisticpro\client\src\pages\login.jsx">
        <metrics statements="20" coveredstatements="17" conditionals="2" coveredconditionals="1" methods="5" coveredmethods="4"/>
        <line num="7" count="24" type="stmt"/>
        <line num="8" count="24" type="stmt"/>
        <line num="9" count="24" type="stmt"/>
        <line num="10" count="24" type="stmt"/>
        <line num="12" count="24" type="stmt"/>
        <line num="13" count="1" type="stmt"/>
        <line num="14" count="1" type="stmt"/>
        <line num="15" count="1" type="stmt"/>
        <line num="20" count="1" type="stmt"/>
        <line num="22" count="1" type="stmt"/>
        <line num="26" count="1" type="cond" truecount="1" falsecount="1"/>
        <line num="29" count="1" type="stmt"/>
        <line num="30" count="1" type="stmt"/>
        <line num="33" count="1" type="stmt"/>
        <line num="35" count="1" type="stmt"/>
        <line num="37" count="0" type="stmt"/>
        <line num="38" count="0" type="stmt"/>
        <line num="54" count="14" type="stmt"/>
        <line num="61" count="8" type="stmt"/>
        <line num="72" count="0" type="stmt"/>
      </file>
    </package>
    <package name="styles">
      <metrics statements="0" coveredstatements="0" conditionals="0" coveredconditionals="0" methods="0" coveredmethods="0"/>
      <file name="login.css" path="C:\Users\HiroUzu\Documents\Septimo Semestre\logisticpro\client\src\styles\login.css">
        <metrics statements="0" coveredstatements="0" conditionals="0" coveredconditionals="0" methods="0" coveredmethods="0"/>
      </file>
    </package>
  </project>
</coverage>
