{"C:\\Users\\HiroUzu\\Documents\\Septimo Semestre\\logisticpro\\client\\src\\pages\\login.jsx": {"path":"C:\\Users\\HiroUzu\\Documents\\Septimo Semestre\\logisticpro\\client\\src\\pages\\login.jsx","statementMap":{"0":{"start":{"line":7,"column":25},"end":{"line":7,"column":null}},"1":{"start":{"line":8,"column":31},"end":{"line":8,"column":null}},"2":{"start":{"line":9,"column":25},"end":{"line":9,"column":null}},"3":{"start":{"line":10,"column":8},"end":{"line":10,"column":null}},"4":{"start":{"line":12,"column":22},"end":{"line":40,"column":null}},"5":{"start":{"line":13,"column":4},"end":{"line":13,"column":null}},"6":{"start":{"line":14,"column":4},"end":{"line":39,"column":null}},"7":{"start":{"line":15,"column":18},"end":{"line":18,"column":null}},"8":{"start":{"line":20,"column":6},"end":{"line":20,"column":null}},"9":{"start":{"line":22,"column":20},"end":{"line":22,"column":34}},"10":{"start":{"line":26,"column":22},"end":{"line":26,"column":null}},"11":{"start":{"line":29,"column":6},"end":{"line":29,"column":null}},"12":{"start":{"line":30,"column":6},"end":{"line":30,"column":48}},"13":{"start":{"line":33,"column":6},"end":{"line":33,"column":null}},"14":{"start":{"line":35,"column":6},"end":{"line":35,"column":null}},"15":{"start":{"line":37,"column":6},"end":{"line":37,"column":null}},"16":{"start":{"line":38,"column":6},"end":{"line":38,"column":null}},"17":{"start":{"line":54,"column":29},"end":{"line":54,"column":null}},"18":{"start":{"line":61,"column":29},"end":{"line":61,"column":null}},"19":{"start":{"line":72,"column":27},"end":{"line":72,"column":null}}},"fnMap":{"0":{"name":"Login","decl":{"start":{"line":6,"column":24},"end":{"line":6,"column":null}},"loc":{"start":{"line":6,"column":24},"end":{"line":80,"column":null}},"line":6},"1":{"name":"(anonymous_1)","decl":{"start":{"line":12,"column":22},"end":{"line":12,"column":29}},"loc":{"start":{"line":12,"column":29},"end":{"line":40,"column":null}},"line":12},"2":{"name":"(anonymous_2)","decl":{"start":{"line":54,"column":22},"end":{"line":54,"column":23}},"loc":{"start":{"line":54,"column":29},"end":{"line":54,"column":null}},"line":54},"3":{"name":"(anonymous_3)","decl":{"start":{"line":61,"column":22},"end":{"line":61,"column":23}},"loc":{"start":{"line":61,"column":29},"end":{"line":61,"column":null}},"line":61},"4":{"name":"(anonymous_4)","decl":{"start":{"line":72,"column":21},"end":{"line":72,"column":27}},"loc":{"start":{"line":72,"column":27},"end":{"line":72,"column":null}},"line":72}},"branchMap":{"0":{"loc":{"start":{"line":26,"column":22},"end":{"line":26,"column":null}},"type":"binary-expr","locations":[{"start":{"line":26,"column":22},"end":{"line":26,"column":48}},{"start":{"line":26,"column":48},"end":{"line":26,"column":null}}],"line":26}},"s":{"0":24,"1":24,"2":24,"3":24,"4":24,"5":1,"6":1,"7":1,"8":1,"9":1,"10":1,"11":1,"12":1,"13":1,"14":1,"15":0,"16":0,"17":14,"18":8,"19":0},"f":{"0":24,"1":1,"2":14,"3":8,"4":0},"b":{"0":[1,0]},"meta":{"lastBranch":1,"lastFunction":5,"lastStatement":20,"seen":{"f:6:24:6:Infinity":0,"s:7:25:7:Infinity":0,"s:8:31:8:Infinity":1,"s:9:25:9:Infinity":2,"s:10:8:10:Infinity":3,"s:12:22:40:Infinity":4,"f:12:22:12:29":1,"s:13:4:13:Infinity":5,"s:14:4:39:Infinity":6,"s:15:18:18:Infinity":7,"s:20:6:20:Infinity":8,"s:22:20:22:34":9,"s:26:22:26:Infinity":10,"b:26:22:26:48:26:48:26:Infinity":0,"s:29:6:29:Infinity":11,"s:30:6:30:48":12,"s:33:6:33:Infinity":13,"s:35:6:35:Infinity":14,"s:37:6:37:Infinity":15,"s:38:6:38:Infinity":16,"f:54:22:54:23":2,"s:54:29:54:Infinity":17,"f:61:22:61:23":3,"s:61:29:61:Infinity":18,"f:72:21:72:27":4,"s:72:27:72:Infinity":19}}}
,"C:\\Users\\HiroUzu\\Documents\\Septimo Semestre\\logisticpro\\client\\src\\styles\\login.css": {"path":"C:\\Users\\HiroUzu\\Documents\\Septimo Semestre\\logisticpro\\client\\src\\styles\\login.css","statementMap":{},"fnMap":{},"branchMap":{},"s":{},"f":{},"b":{},"meta":{"lastBranch":0,"lastFunction":0,"lastStatement":0,"seen":{}}}
}
